2023-45-02 22:45:17.717 [main] ERROR com.sdetblueprint.utils.Log - Browser Launch error.
org.openqa.selenium.WebDriverException: Cannot find firefox binary in PATH. Make sure firefox is installed. OS appears to be: MAC
Build info: version: '3.14.0', revision: 'aacccce0', time: '2018-08-02T20:19:58.91Z'
System info: host: 'Gibrans-MacBook-Pro.local', ip: '2806:2f0:51e1:fb31:d4e9:38c9:10be:db38%en0', os.name: 'Mac OS X', os.arch: 'x86_64', os.version: '12.5', java.version: '19.0.2'
Driver info: driver.version: FirefoxDriver
	at org.openqa.selenium.firefox.FirefoxBinary.<init>(FirefoxBinary.java:116) ~[selenium-firefox-driver-3.14.0.jar:?]
	at java.util.Optional.orElseGet(Optional.java:364) ~[?:?]
	at org.openqa.selenium.firefox.FirefoxOptions.getBinary(FirefoxOptions.java:216) ~[selenium-firefox-driver-3.14.0.jar:?]
	at org.openqa.selenium.firefox.FirefoxDriver.toExecutor(FirefoxDriver.java:165) ~[selenium-firefox-driver-3.14.0.jar:?]
	at org.openqa.selenium.firefox.FirefoxDriver.<init>(FirefoxDriver.java:125) ~[selenium-firefox-driver-3.14.0.jar:?]
	at org.openqa.selenium.firefox.FirefoxDriver.<init>(FirefoxDriver.java:103) ~[selenium-firefox-driver-3.14.0.jar:?]
	at org.example.base.TestBase.setup(TestBase.java:28) [test-classes/:?]
	at jdk.internal.reflect.DirectMethodHandleAccessor.invoke(DirectMethodHandleAccessor.java:104) ~[?:?]
	at java.lang.reflect.Method.invoke(Method.java:578) ~[?:?]
	at org.testng.internal.MethodInvocationHelper.invokeMethod(MethodInvocationHelper.java:108) [testng-6.11.jar:?]
	at org.testng.internal.Invoker.invokeConfigurationMethod(Invoker.java:523) [testng-6.11.jar:?]
	at org.testng.internal.Invoker.invokeConfigurations(Invoker.java:224) [testng-6.11.jar:?]
	at org.testng.internal.Invoker.invokeMethod(Invoker.java:599) [testng-6.11.jar:?]
	at org.testng.internal.Invoker.invokeTestMethod(Invoker.java:869) [testng-6.11.jar:?]
	at org.testng.internal.Invoker.invokeTestMethods(Invoker.java:1193) [testng-6.11.jar:?]
	at org.testng.internal.TestMethodWorker.invokeTestMethods(TestMethodWorker.java:126) [testng-6.11.jar:?]
	at org.testng.internal.TestMethodWorker.run(TestMethodWorker.java:109) [testng-6.11.jar:?]
	at org.testng.TestRunner.privateRun(TestRunner.java:744) [testng-6.11.jar:?]
	at org.testng.TestRunner.run(TestRunner.java:602) [testng-6.11.jar:?]
	at org.testng.SuiteRunner.runTest(SuiteRunner.java:380) [testng-6.11.jar:?]
	at org.testng.SuiteRunner.runSequentially(SuiteRunner.java:375) [testng-6.11.jar:?]
	at org.testng.SuiteRunner.privateRun(SuiteRunner.java:340) [testng-6.11.jar:?]
	at org.testng.SuiteRunner.run(SuiteRunner.java:289) [testng-6.11.jar:?]
	at org.testng.SuiteRunnerWorker.runSuite(SuiteRunnerWorker.java:52) [testng-6.11.jar:?]
	at org.testng.SuiteRunnerWorker.run(SuiteRunnerWorker.java:86) [testng-6.11.jar:?]
	at org.testng.TestNG.runSuitesSequentially(TestNG.java:1301) [testng-6.11.jar:?]
	at org.testng.TestNG.runSuitesLocally(TestNG.java:1226) [testng-6.11.jar:?]
	at org.testng.TestNG.runSuites(TestNG.java:1144) [testng-6.11.jar:?]
	at org.testng.TestNG.run(TestNG.java:1115) [testng-6.11.jar:?]
	at org.apache.maven.surefire.testng.TestNGExecutor.run(TestNGExecutor.java:135) [surefire-testng-2.22.2.jar:2.22.2]
	at org.apache.maven.surefire.testng.TestNGDirectoryTestSuite.executeMulti(TestNGDirectoryTestSuite.java:193) [surefire-testng-2.22.2.jar:2.22.2]
	at org.apache.maven.surefire.testng.TestNGDirectoryTestSuite.execute(TestNGDirectoryTestSuite.java:94) [surefire-testng-2.22.2.jar:2.22.2]
	at org.apache.maven.surefire.testng.TestNGProvider.invoke(TestNGProvider.java:146) [surefire-testng-2.22.2.jar:2.22.2]
	at org.apache.maven.surefire.booter.ForkedBooter.invokeProviderInSameClassLoader(ForkedBooter.java:384) [surefire-booter-2.22.2.jar:2.22.2]
	at org.apache.maven.surefire.booter.ForkedBooter.runSuitesInProcess(ForkedBooter.java:345) [surefire-booter-2.22.2.jar:2.22.2]
	at org.apache.maven.surefire.booter.ForkedBooter.execute(ForkedBooter.java:126) [surefire-booter-2.22.2.jar:2.22.2]
	at org.apache.maven.surefire.booter.ForkedBooter.main(ForkedBooter.java:418) [surefire-booter-2.22.2.jar:2.22.2]
2023-45-02 22:45:18.027 [main] ERROR com.sdetblueprint.utils.Log - Browser Launch error.
org.openqa.selenium.WebDriverException: Cannot find firefox binary in PATH. Make sure firefox is installed. OS appears to be: MAC
Build info: version: '3.14.0', revision: 'aacccce0', time: '2018-08-02T20:19:58.91Z'
System info: host: 'Gibrans-MacBook-Pro.local', ip: '2806:2f0:51e1:fb31:d4e9:38c9:10be:db38%en0', os.name: 'Mac OS X', os.arch: 'x86_64', os.version: '12.5', java.version: '19.0.2'
Driver info: driver.version: FirefoxDriver
	at org.openqa.selenium.firefox.FirefoxBinary.<init>(FirefoxBinary.java:116) ~[selenium-firefox-driver-3.14.0.jar:?]
	at java.util.Optional.orElseGet(Optional.java:364) ~[?:?]
	at org.openqa.selenium.firefox.FirefoxOptions.getBinary(FirefoxOptions.java:216) ~[selenium-firefox-driver-3.14.0.jar:?]
	at org.openqa.selenium.firefox.FirefoxDriver.toExecutor(FirefoxDriver.java:165) ~[selenium-firefox-driver-3.14.0.jar:?]
	at org.openqa.selenium.firefox.FirefoxDriver.<init>(FirefoxDriver.java:125) ~[selenium-firefox-driver-3.14.0.jar:?]
	at org.openqa.selenium.firefox.FirefoxDriver.<init>(FirefoxDriver.java:103) ~[selenium-firefox-driver-3.14.0.jar:?]
	at org.example.base.TestBase.setup(TestBase.java:28) [test-classes/:?]
	at jdk.internal.reflect.DirectMethodHandleAccessor.invoke(DirectMethodHandleAccessor.java:104) ~[?:?]
	at java.lang.reflect.Method.invoke(Method.java:578) ~[?:?]
	at org.testng.internal.MethodInvocationHelper.invokeMethod(MethodInvocationHelper.java:108) [testng-6.11.jar:?]
	at org.testng.internal.Invoker.invokeConfigurationMethod(Invoker.java:523) [testng-6.11.jar:?]
	at org.testng.internal.Invoker.invokeConfigurations(Invoker.java:224) [testng-6.11.jar:?]
	at org.testng.internal.Invoker.invokeMethod(Invoker.java:599) [testng-6.11.jar:?]
	at org.testng.internal.Invoker.invokeTestMethod(Invoker.java:869) [testng-6.11.jar:?]
	at org.testng.internal.Invoker.invokeTestMethods(Invoker.java:1193) [testng-6.11.jar:?]
	at org.testng.internal.TestMethodWorker.invokeTestMethods(TestMethodWorker.java:126) [testng-6.11.jar:?]
	at org.testng.internal.TestMethodWorker.run(TestMethodWorker.java:109) [testng-6.11.jar:?]
	at org.testng.TestRunner.privateRun(TestRunner.java:744) [testng-6.11.jar:?]
	at org.testng.TestRunner.run(TestRunner.java:602) [testng-6.11.jar:?]
	at org.testng.SuiteRunner.runTest(SuiteRunner.java:380) [testng-6.11.jar:?]
	at org.testng.SuiteRunner.runSequentially(SuiteRunner.java:375) [testng-6.11.jar:?]
	at org.testng.SuiteRunner.privateRun(SuiteRunner.java:340) [testng-6.11.jar:?]
	at org.testng.SuiteRunner.run(SuiteRunner.java:289) [testng-6.11.jar:?]
	at org.testng.SuiteRunnerWorker.runSuite(SuiteRunnerWorker.java:52) [testng-6.11.jar:?]
	at org.testng.SuiteRunnerWorker.run(SuiteRunnerWorker.java:86) [testng-6.11.jar:?]
	at org.testng.TestNG.runSuitesSequentially(TestNG.java:1301) [testng-6.11.jar:?]
	at org.testng.TestNG.runSuitesLocally(TestNG.java:1226) [testng-6.11.jar:?]
	at org.testng.TestNG.runSuites(TestNG.java:1144) [testng-6.11.jar:?]
	at org.testng.TestNG.run(TestNG.java:1115) [testng-6.11.jar:?]
	at org.apache.maven.surefire.testng.TestNGExecutor.run(TestNGExecutor.java:135) [surefire-testng-2.22.2.jar:2.22.2]
	at org.apache.maven.surefire.testng.TestNGDirectoryTestSuite.executeMulti(TestNGDirectoryTestSuite.java:193) [surefire-testng-2.22.2.jar:2.22.2]
	at org.apache.maven.surefire.testng.TestNGDirectoryTestSuite.execute(TestNGDirectoryTestSuite.java:94) [surefire-testng-2.22.2.jar:2.22.2]
	at org.apache.maven.surefire.testng.TestNGProvider.invoke(TestNGProvider.java:146) [surefire-testng-2.22.2.jar:2.22.2]
	at org.apache.maven.surefire.booter.ForkedBooter.invokeProviderInSameClassLoader(ForkedBooter.java:384) [surefire-booter-2.22.2.jar:2.22.2]
	at org.apache.maven.surefire.booter.ForkedBooter.runSuitesInProcess(ForkedBooter.java:345) [surefire-booter-2.22.2.jar:2.22.2]
	at org.apache.maven.surefire.booter.ForkedBooter.execute(ForkedBooter.java:126) [surefire-booter-2.22.2.jar:2.22.2]
	at org.apache.maven.surefire.booter.ForkedBooter.main(ForkedBooter.java:418) [surefire-booter-2.22.2.jar:2.22.2]
2023-47-02 22:47:39.851 [main] ERROR com.sdetblueprint.utils.Log - Browser Launch error.
org.openqa.selenium.WebDriverException: Cannot find firefox binary in PATH. Make sure firefox is installed. OS appears to be: MAC
Build info: version: '3.14.0', revision: 'aacccce0', time: '2018-08-02T20:19:58.91Z'
System info: host: 'Gibrans-MacBook-Pro.local', ip: '2806:2f0:51e1:fb31:d4e9:38c9:10be:db38%en0', os.name: 'Mac OS X', os.arch: 'x86_64', os.version: '12.5', java.version: '19.0.2'
Driver info: driver.version: FirefoxDriver
	at org.openqa.selenium.firefox.FirefoxBinary.<init>(FirefoxBinary.java:116) ~[selenium-firefox-driver-3.14.0.jar:?]
	at java.util.Optional.orElseGet(Optional.java:364) ~[?:?]
	at org.openqa.selenium.firefox.FirefoxOptions.getBinary(FirefoxOptions.java:216) ~[selenium-firefox-driver-3.14.0.jar:?]
	at org.openqa.selenium.firefox.FirefoxDriver.toExecutor(FirefoxDriver.java:165) ~[selenium-firefox-driver-3.14.0.jar:?]
	at org.openqa.selenium.firefox.FirefoxDriver.<init>(FirefoxDriver.java:125) ~[selenium-firefox-driver-3.14.0.jar:?]
	at org.openqa.selenium.firefox.FirefoxDriver.<init>(FirefoxDriver.java:103) ~[selenium-firefox-driver-3.14.0.jar:?]
	at org.example.base.TestBase.setup(TestBase.java:28) [test-classes/:?]
	at jdk.internal.reflect.DirectMethodHandleAccessor.invoke(DirectMethodHandleAccessor.java:104) ~[?:?]
	at java.lang.reflect.Method.invoke(Method.java:578) ~[?:?]
	at org.testng.internal.MethodInvocationHelper.invokeMethod(MethodInvocationHelper.java:108) [testng-6.11.jar:?]
	at org.testng.internal.Invoker.invokeConfigurationMethod(Invoker.java:523) [testng-6.11.jar:?]
	at org.testng.internal.Invoker.invokeConfigurations(Invoker.java:224) [testng-6.11.jar:?]
	at org.testng.internal.Invoker.invokeMethod(Invoker.java:599) [testng-6.11.jar:?]
	at org.testng.internal.Invoker.invokeTestMethod(Invoker.java:869) [testng-6.11.jar:?]
	at org.testng.internal.Invoker.invokeTestMethods(Invoker.java:1193) [testng-6.11.jar:?]
	at org.testng.internal.TestMethodWorker.invokeTestMethods(TestMethodWorker.java:126) [testng-6.11.jar:?]
	at org.testng.internal.TestMethodWorker.run(TestMethodWorker.java:109) [testng-6.11.jar:?]
	at org.testng.TestRunner.privateRun(TestRunner.java:744) [testng-6.11.jar:?]
	at org.testng.TestRunner.run(TestRunner.java:602) [testng-6.11.jar:?]
	at org.testng.SuiteRunner.runTest(SuiteRunner.java:380) [testng-6.11.jar:?]
	at org.testng.SuiteRunner.runSequentially(SuiteRunner.java:375) [testng-6.11.jar:?]
	at org.testng.SuiteRunner.privateRun(SuiteRunner.java:340) [testng-6.11.jar:?]
	at org.testng.SuiteRunner.run(SuiteRunner.java:289) [testng-6.11.jar:?]
	at org.testng.SuiteRunnerWorker.runSuite(SuiteRunnerWorker.java:52) [testng-6.11.jar:?]
	at org.testng.SuiteRunnerWorker.run(SuiteRunnerWorker.java:86) [testng-6.11.jar:?]
	at org.testng.TestNG.runSuitesSequentially(TestNG.java:1301) [testng-6.11.jar:?]
	at org.testng.TestNG.runSuitesLocally(TestNG.java:1226) [testng-6.11.jar:?]
	at org.testng.TestNG.runSuites(TestNG.java:1144) [testng-6.11.jar:?]
	at org.testng.TestNG.run(TestNG.java:1115) [testng-6.11.jar:?]
	at org.apache.maven.surefire.testng.TestNGExecutor.run(TestNGExecutor.java:135) [surefire-testng-2.22.2.jar:2.22.2]
	at org.apache.maven.surefire.testng.TestNGDirectoryTestSuite.executeMulti(TestNGDirectoryTestSuite.java:193) [surefire-testng-2.22.2.jar:2.22.2]
	at org.apache.maven.surefire.testng.TestNGDirectoryTestSuite.execute(TestNGDirectoryTestSuite.java:94) [surefire-testng-2.22.2.jar:2.22.2]
	at org.apache.maven.surefire.testng.TestNGProvider.invoke(TestNGProvider.java:146) [surefire-testng-2.22.2.jar:2.22.2]
	at org.apache.maven.surefire.booter.ForkedBooter.invokeProviderInSameClassLoader(ForkedBooter.java:384) [surefire-booter-2.22.2.jar:2.22.2]
	at org.apache.maven.surefire.booter.ForkedBooter.runSuitesInProcess(ForkedBooter.java:345) [surefire-booter-2.22.2.jar:2.22.2]
	at org.apache.maven.surefire.booter.ForkedBooter.execute(ForkedBooter.java:126) [surefire-booter-2.22.2.jar:2.22.2]
	at org.apache.maven.surefire.booter.ForkedBooter.main(ForkedBooter.java:418) [surefire-booter-2.22.2.jar:2.22.2]
2023-47-02 22:47:40.674 [main] ERROR com.sdetblueprint.utils.Log - Browser Launch error.
org.openqa.selenium.WebDriverException: Cannot find firefox binary in PATH. Make sure firefox is installed. OS appears to be: MAC
Build info: version: '3.14.0', revision: 'aacccce0', time: '2018-08-02T20:19:58.91Z'
System info: host: 'Gibrans-MacBook-Pro.local', ip: '2806:2f0:51e1:fb31:d4e9:38c9:10be:db38%en0', os.name: 'Mac OS X', os.arch: 'x86_64', os.version: '12.5', java.version: '19.0.2'
Driver info: driver.version: FirefoxDriver
	at org.openqa.selenium.firefox.FirefoxBinary.<init>(FirefoxBinary.java:116) ~[selenium-firefox-driver-3.14.0.jar:?]
	at java.util.Optional.orElseGet(Optional.java:364) ~[?:?]
	at org.openqa.selenium.firefox.FirefoxOptions.getBinary(FirefoxOptions.java:216) ~[selenium-firefox-driver-3.14.0.jar:?]
	at org.openqa.selenium.firefox.FirefoxDriver.toExecutor(FirefoxDriver.java:165) ~[selenium-firefox-driver-3.14.0.jar:?]
	at org.openqa.selenium.firefox.FirefoxDriver.<init>(FirefoxDriver.java:125) ~[selenium-firefox-driver-3.14.0.jar:?]
	at org.openqa.selenium.firefox.FirefoxDriver.<init>(FirefoxDriver.java:103) ~[selenium-firefox-driver-3.14.0.jar:?]
	at org.example.base.TestBase.setup(TestBase.java:28) [test-classes/:?]
	at jdk.internal.reflect.DirectMethodHandleAccessor.invoke(DirectMethodHandleAccessor.java:104) ~[?:?]
	at java.lang.reflect.Method.invoke(Method.java:578) ~[?:?]
	at org.testng.internal.MethodInvocationHelper.invokeMethod(MethodInvocationHelper.java:108) [testng-6.11.jar:?]
	at org.testng.internal.Invoker.invokeConfigurationMethod(Invoker.java:523) [testng-6.11.jar:?]
	at org.testng.internal.Invoker.invokeConfigurations(Invoker.java:224) [testng-6.11.jar:?]
	at org.testng.internal.Invoker.invokeMethod(Invoker.java:599) [testng-6.11.jar:?]
	at org.testng.internal.Invoker.invokeTestMethod(Invoker.java:869) [testng-6.11.jar:?]
	at org.testng.internal.Invoker.invokeTestMethods(Invoker.java:1193) [testng-6.11.jar:?]
	at org.testng.internal.TestMethodWorker.invokeTestMethods(TestMethodWorker.java:126) [testng-6.11.jar:?]
	at org.testng.internal.TestMethodWorker.run(TestMethodWorker.java:109) [testng-6.11.jar:?]
	at org.testng.TestRunner.privateRun(TestRunner.java:744) [testng-6.11.jar:?]
	at org.testng.TestRunner.run(TestRunner.java:602) [testng-6.11.jar:?]
	at org.testng.SuiteRunner.runTest(SuiteRunner.java:380) [testng-6.11.jar:?]
	at org.testng.SuiteRunner.runSequentially(SuiteRunner.java:375) [testng-6.11.jar:?]
	at org.testng.SuiteRunner.privateRun(SuiteRunner.java:340) [testng-6.11.jar:?]
	at org.testng.SuiteRunner.run(SuiteRunner.java:289) [testng-6.11.jar:?]
	at org.testng.SuiteRunnerWorker.runSuite(SuiteRunnerWorker.java:52) [testng-6.11.jar:?]
	at org.testng.SuiteRunnerWorker.run(SuiteRunnerWorker.java:86) [testng-6.11.jar:?]
	at org.testng.TestNG.runSuitesSequentially(TestNG.java:1301) [testng-6.11.jar:?]
	at org.testng.TestNG.runSuitesLocally(TestNG.java:1226) [testng-6.11.jar:?]
	at org.testng.TestNG.runSuites(TestNG.java:1144) [testng-6.11.jar:?]
	at org.testng.TestNG.run(TestNG.java:1115) [testng-6.11.jar:?]
	at org.apache.maven.surefire.testng.TestNGExecutor.run(TestNGExecutor.java:135) [surefire-testng-2.22.2.jar:2.22.2]
	at org.apache.maven.surefire.testng.TestNGDirectoryTestSuite.executeMulti(TestNGDirectoryTestSuite.java:193) [surefire-testng-2.22.2.jar:2.22.2]
	at org.apache.maven.surefire.testng.TestNGDirectoryTestSuite.execute(TestNGDirectoryTestSuite.java:94) [surefire-testng-2.22.2.jar:2.22.2]
	at org.apache.maven.surefire.testng.TestNGProvider.invoke(TestNGProvider.java:146) [surefire-testng-2.22.2.jar:2.22.2]
	at org.apache.maven.surefire.booter.ForkedBooter.invokeProviderInSameClassLoader(ForkedBooter.java:384) [surefire-booter-2.22.2.jar:2.22.2]
	at org.apache.maven.surefire.booter.ForkedBooter.runSuitesInProcess(ForkedBooter.java:345) [surefire-booter-2.22.2.jar:2.22.2]
	at org.apache.maven.surefire.booter.ForkedBooter.execute(ForkedBooter.java:126) [surefire-booter-2.22.2.jar:2.22.2]
	at org.apache.maven.surefire.booter.ForkedBooter.main(ForkedBooter.java:418) [surefire-booter-2.22.2.jar:2.22.2]
2023-54-02 22:54:37.257 [main] ERROR com.sdetblueprint.utils.Log - Browser Launch error.
org.openqa.selenium.WebDriverException: Cannot find firefox binary in PATH. Make sure firefox is installed. OS appears to be: MAC
Build info: version: '3.14.0', revision: 'aacccce0', time: '2018-08-02T20:19:58.91Z'
System info: host: 'Gibrans-MacBook-Pro.local', ip: '2806:2f0:51e1:fb31:d4e9:38c9:10be:db38%en0', os.name: 'Mac OS X', os.arch: 'x86_64', os.version: '12.5', java.version: '19.0.2'
Driver info: driver.version: FirefoxDriver
	at org.openqa.selenium.firefox.FirefoxBinary.<init>(FirefoxBinary.java:116) ~[selenium-firefox-driver-3.14.0.jar:?]
	at java.util.Optional.orElseGet(Optional.java:364) ~[?:?]
	at org.openqa.selenium.firefox.FirefoxOptions.getBinary(FirefoxOptions.java:216) ~[selenium-firefox-driver-3.14.0.jar:?]
	at org.openqa.selenium.firefox.FirefoxDriver.toExecutor(FirefoxDriver.java:165) ~[selenium-firefox-driver-3.14.0.jar:?]
	at org.openqa.selenium.firefox.FirefoxDriver.<init>(FirefoxDriver.java:125) ~[selenium-firefox-driver-3.14.0.jar:?]
	at org.openqa.selenium.firefox.FirefoxDriver.<init>(FirefoxDriver.java:103) ~[selenium-firefox-driver-3.14.0.jar:?]
	at org.example.base.TestBase.setup(TestBase.java:28) [test-classes/:?]
	at jdk.internal.reflect.DirectMethodHandleAccessor.invoke(DirectMethodHandleAccessor.java:104) ~[?:?]
	at java.lang.reflect.Method.invoke(Method.java:578) ~[?:?]
	at org.testng.internal.MethodInvocationHelper.invokeMethod(MethodInvocationHelper.java:108) [testng-6.11.jar:?]
	at org.testng.internal.Invoker.invokeConfigurationMethod(Invoker.java:523) [testng-6.11.jar:?]
	at org.testng.internal.Invoker.invokeConfigurations(Invoker.java:224) [testng-6.11.jar:?]
	at org.testng.internal.Invoker.invokeMethod(Invoker.java:599) [testng-6.11.jar:?]
	at org.testng.internal.Invoker.invokeTestMethod(Invoker.java:869) [testng-6.11.jar:?]
	at org.testng.internal.Invoker.invokeTestMethods(Invoker.java:1193) [testng-6.11.jar:?]
	at org.testng.internal.TestMethodWorker.invokeTestMethods(TestMethodWorker.java:126) [testng-6.11.jar:?]
	at org.testng.internal.TestMethodWorker.run(TestMethodWorker.java:109) [testng-6.11.jar:?]
	at org.testng.TestRunner.privateRun(TestRunner.java:744) [testng-6.11.jar:?]
	at org.testng.TestRunner.run(TestRunner.java:602) [testng-6.11.jar:?]
	at org.testng.SuiteRunner.runTest(SuiteRunner.java:380) [testng-6.11.jar:?]
	at org.testng.SuiteRunner.runSequentially(SuiteRunner.java:375) [testng-6.11.jar:?]
	at org.testng.SuiteRunner.privateRun(SuiteRunner.java:340) [testng-6.11.jar:?]
	at org.testng.SuiteRunner.run(SuiteRunner.java:289) [testng-6.11.jar:?]
	at org.testng.SuiteRunnerWorker.runSuite(SuiteRunnerWorker.java:52) [testng-6.11.jar:?]
	at org.testng.SuiteRunnerWorker.run(SuiteRunnerWorker.java:86) [testng-6.11.jar:?]
	at org.testng.TestNG.runSuitesSequentially(TestNG.java:1301) [testng-6.11.jar:?]
	at org.testng.TestNG.runSuitesLocally(TestNG.java:1226) [testng-6.11.jar:?]
	at org.testng.TestNG.runSuites(TestNG.java:1144) [testng-6.11.jar:?]
	at org.testng.TestNG.run(TestNG.java:1115) [testng-6.11.jar:?]
	at org.apache.maven.surefire.testng.TestNGExecutor.run(TestNGExecutor.java:135) [surefire-testng-2.22.2.jar:2.22.2]
	at org.apache.maven.surefire.testng.TestNGDirectoryTestSuite.executeMulti(TestNGDirectoryTestSuite.java:193) [surefire-testng-2.22.2.jar:2.22.2]
	at org.apache.maven.surefire.testng.TestNGDirectoryTestSuite.execute(TestNGDirectoryTestSuite.java:94) [surefire-testng-2.22.2.jar:2.22.2]
	at org.apache.maven.surefire.testng.TestNGProvider.invoke(TestNGProvider.java:146) [surefire-testng-2.22.2.jar:2.22.2]
	at org.apache.maven.surefire.booter.ForkedBooter.invokeProviderInSameClassLoader(ForkedBooter.java:384) [surefire-booter-2.22.2.jar:2.22.2]
	at org.apache.maven.surefire.booter.ForkedBooter.runSuitesInProcess(ForkedBooter.java:345) [surefire-booter-2.22.2.jar:2.22.2]
	at org.apache.maven.surefire.booter.ForkedBooter.execute(ForkedBooter.java:126) [surefire-booter-2.22.2.jar:2.22.2]
	at org.apache.maven.surefire.booter.ForkedBooter.main(ForkedBooter.java:418) [surefire-booter-2.22.2.jar:2.22.2]
2023-54-02 22:54:37.765 [main] ERROR com.sdetblueprint.utils.Log - Browser Launch error.
org.openqa.selenium.WebDriverException: Cannot find firefox binary in PATH. Make sure firefox is installed. OS appears to be: MAC
Build info: version: '3.14.0', revision: 'aacccce0', time: '2018-08-02T20:19:58.91Z'
System info: host: 'Gibrans-MacBook-Pro.local', ip: '2806:2f0:51e1:fb31:d4e9:38c9:10be:db38%en0', os.name: 'Mac OS X', os.arch: 'x86_64', os.version: '12.5', java.version: '19.0.2'
Driver info: driver.version: FirefoxDriver
	at org.openqa.selenium.firefox.FirefoxBinary.<init>(FirefoxBinary.java:116) ~[selenium-firefox-driver-3.14.0.jar:?]
	at java.util.Optional.orElseGet(Optional.java:364) ~[?:?]
	at org.openqa.selenium.firefox.FirefoxOptions.getBinary(FirefoxOptions.java:216) ~[selenium-firefox-driver-3.14.0.jar:?]
	at org.openqa.selenium.firefox.FirefoxDriver.toExecutor(FirefoxDriver.java:165) ~[selenium-firefox-driver-3.14.0.jar:?]
	at org.openqa.selenium.firefox.FirefoxDriver.<init>(FirefoxDriver.java:125) ~[selenium-firefox-driver-3.14.0.jar:?]
	at org.openqa.selenium.firefox.FirefoxDriver.<init>(FirefoxDriver.java:103) ~[selenium-firefox-driver-3.14.0.jar:?]
	at org.example.base.TestBase.setup(TestBase.java:28) [test-classes/:?]
	at jdk.internal.reflect.DirectMethodHandleAccessor.invoke(DirectMethodHandleAccessor.java:104) ~[?:?]
	at java.lang.reflect.Method.invoke(Method.java:578) ~[?:?]
	at org.testng.internal.MethodInvocationHelper.invokeMethod(MethodInvocationHelper.java:108) [testng-6.11.jar:?]
	at org.testng.internal.Invoker.invokeConfigurationMethod(Invoker.java:523) [testng-6.11.jar:?]
	at org.testng.internal.Invoker.invokeConfigurations(Invoker.java:224) [testng-6.11.jar:?]
	at org.testng.internal.Invoker.invokeMethod(Invoker.java:599) [testng-6.11.jar:?]
	at org.testng.internal.Invoker.invokeTestMethod(Invoker.java:869) [testng-6.11.jar:?]
	at org.testng.internal.Invoker.invokeTestMethods(Invoker.java:1193) [testng-6.11.jar:?]
	at org.testng.internal.TestMethodWorker.invokeTestMethods(TestMethodWorker.java:126) [testng-6.11.jar:?]
	at org.testng.internal.TestMethodWorker.run(TestMethodWorker.java:109) [testng-6.11.jar:?]
	at org.testng.TestRunner.privateRun(TestRunner.java:744) [testng-6.11.jar:?]
	at org.testng.TestRunner.run(TestRunner.java:602) [testng-6.11.jar:?]
	at org.testng.SuiteRunner.runTest(SuiteRunner.java:380) [testng-6.11.jar:?]
	at org.testng.SuiteRunner.runSequentially(SuiteRunner.java:375) [testng-6.11.jar:?]
	at org.testng.SuiteRunner.privateRun(SuiteRunner.java:340) [testng-6.11.jar:?]
	at org.testng.SuiteRunner.run(SuiteRunner.java:289) [testng-6.11.jar:?]
	at org.testng.SuiteRunnerWorker.runSuite(SuiteRunnerWorker.java:52) [testng-6.11.jar:?]
	at org.testng.SuiteRunnerWorker.run(SuiteRunnerWorker.java:86) [testng-6.11.jar:?]
	at org.testng.TestNG.runSuitesSequentially(TestNG.java:1301) [testng-6.11.jar:?]
	at org.testng.TestNG.runSuitesLocally(TestNG.java:1226) [testng-6.11.jar:?]
	at org.testng.TestNG.runSuites(TestNG.java:1144) [testng-6.11.jar:?]
	at org.testng.TestNG.run(TestNG.java:1115) [testng-6.11.jar:?]
	at org.apache.maven.surefire.testng.TestNGExecutor.run(TestNGExecutor.java:135) [surefire-testng-2.22.2.jar:2.22.2]
	at org.apache.maven.surefire.testng.TestNGDirectoryTestSuite.executeMulti(TestNGDirectoryTestSuite.java:193) [surefire-testng-2.22.2.jar:2.22.2]
	at org.apache.maven.surefire.testng.TestNGDirectoryTestSuite.execute(TestNGDirectoryTestSuite.java:94) [surefire-testng-2.22.2.jar:2.22.2]
	at org.apache.maven.surefire.testng.TestNGProvider.invoke(TestNGProvider.java:146) [surefire-testng-2.22.2.jar:2.22.2]
	at org.apache.maven.surefire.booter.ForkedBooter.invokeProviderInSameClassLoader(ForkedBooter.java:384) [surefire-booter-2.22.2.jar:2.22.2]
	at org.apache.maven.surefire.booter.ForkedBooter.runSuitesInProcess(ForkedBooter.java:345) [surefire-booter-2.22.2.jar:2.22.2]
	at org.apache.maven.surefire.booter.ForkedBooter.execute(ForkedBooter.java:126) [surefire-booter-2.22.2.jar:2.22.2]
	at org.apache.maven.surefire.booter.ForkedBooter.main(ForkedBooter.java:418) [surefire-booter-2.22.2.jar:2.22.2]
2023-57-02 22:57:30.289 [main] ERROR com.sdetblueprint.utils.Log - Browser Launch error.
org.openqa.selenium.WebDriverException: Cannot find firefox binary in PATH. Make sure firefox is installed. OS appears to be: MAC
Build info: version: '3.14.0', revision: 'aacccce0', time: '2018-08-02T20:19:58.91Z'
System info: host: 'Gibrans-MacBook-Pro.local', ip: '2806:2f0:51e1:fb31:d4e9:38c9:10be:db38%en0', os.name: 'Mac OS X', os.arch: 'x86_64', os.version: '12.5', java.version: '19.0.2'
Driver info: driver.version: FirefoxDriver
	at org.openqa.selenium.firefox.FirefoxBinary.<init>(FirefoxBinary.java:116) ~[selenium-firefox-driver-3.14.0.jar:?]
	at java.util.Optional.orElseGet(Optional.java:364) ~[?:?]
	at org.openqa.selenium.firefox.FirefoxOptions.getBinary(FirefoxOptions.java:216) ~[selenium-firefox-driver-3.14.0.jar:?]
	at org.openqa.selenium.firefox.FirefoxDriver.toExecutor(FirefoxDriver.java:165) ~[selenium-firefox-driver-3.14.0.jar:?]
	at org.openqa.selenium.firefox.FirefoxDriver.<init>(FirefoxDriver.java:125) ~[selenium-firefox-driver-3.14.0.jar:?]
	at org.openqa.selenium.firefox.FirefoxDriver.<init>(FirefoxDriver.java:103) ~[selenium-firefox-driver-3.14.0.jar:?]
	at org.example.base.TestBase.setup(TestBase.java:28) [test-classes/:?]
	at jdk.internal.reflect.DirectMethodHandleAccessor.invoke(DirectMethodHandleAccessor.java:104) ~[?:?]
	at java.lang.reflect.Method.invoke(Method.java:578) ~[?:?]
	at org.testng.internal.MethodInvocationHelper.invokeMethod(MethodInvocationHelper.java:108) [testng-6.11.jar:?]
	at org.testng.internal.Invoker.invokeConfigurationMethod(Invoker.java:523) [testng-6.11.jar:?]
	at org.testng.internal.Invoker.invokeConfigurations(Invoker.java:224) [testng-6.11.jar:?]
	at org.testng.internal.Invoker.invokeMethod(Invoker.java:599) [testng-6.11.jar:?]
	at org.testng.internal.Invoker.invokeTestMethod(Invoker.java:869) [testng-6.11.jar:?]
	at org.testng.internal.Invoker.invokeTestMethods(Invoker.java:1193) [testng-6.11.jar:?]
	at org.testng.internal.TestMethodWorker.invokeTestMethods(TestMethodWorker.java:126) [testng-6.11.jar:?]
	at org.testng.internal.TestMethodWorker.run(TestMethodWorker.java:109) [testng-6.11.jar:?]
	at org.testng.TestRunner.privateRun(TestRunner.java:744) [testng-6.11.jar:?]
	at org.testng.TestRunner.run(TestRunner.java:602) [testng-6.11.jar:?]
	at org.testng.SuiteRunner.runTest(SuiteRunner.java:380) [testng-6.11.jar:?]
	at org.testng.SuiteRunner.runSequentially(SuiteRunner.java:375) [testng-6.11.jar:?]
	at org.testng.SuiteRunner.privateRun(SuiteRunner.java:340) [testng-6.11.jar:?]
	at org.testng.SuiteRunner.run(SuiteRunner.java:289) [testng-6.11.jar:?]
	at org.testng.SuiteRunnerWorker.runSuite(SuiteRunnerWorker.java:52) [testng-6.11.jar:?]
	at org.testng.SuiteRunnerWorker.run(SuiteRunnerWorker.java:86) [testng-6.11.jar:?]
	at org.testng.TestNG.runSuitesSequentially(TestNG.java:1301) [testng-6.11.jar:?]
	at org.testng.TestNG.runSuitesLocally(TestNG.java:1226) [testng-6.11.jar:?]
	at org.testng.TestNG.runSuites(TestNG.java:1144) [testng-6.11.jar:?]
	at org.testng.TestNG.run(TestNG.java:1115) [testng-6.11.jar:?]
	at org.apache.maven.surefire.testng.TestNGExecutor.run(TestNGExecutor.java:135) [surefire-testng-2.22.2.jar:2.22.2]
	at org.apache.maven.surefire.testng.TestNGDirectoryTestSuite.executeMulti(TestNGDirectoryTestSuite.java:193) [surefire-testng-2.22.2.jar:2.22.2]
	at org.apache.maven.surefire.testng.TestNGDirectoryTestSuite.execute(TestNGDirectoryTestSuite.java:94) [surefire-testng-2.22.2.jar:2.22.2]
	at org.apache.maven.surefire.testng.TestNGProvider.invoke(TestNGProvider.java:146) [surefire-testng-2.22.2.jar:2.22.2]
	at org.apache.maven.surefire.booter.ForkedBooter.invokeProviderInSameClassLoader(ForkedBooter.java:384) [surefire-booter-2.22.2.jar:2.22.2]
	at org.apache.maven.surefire.booter.ForkedBooter.runSuitesInProcess(ForkedBooter.java:345) [surefire-booter-2.22.2.jar:2.22.2]
	at org.apache.maven.surefire.booter.ForkedBooter.execute(ForkedBooter.java:126) [surefire-booter-2.22.2.jar:2.22.2]
	at org.apache.maven.surefire.booter.ForkedBooter.main(ForkedBooter.java:418) [surefire-booter-2.22.2.jar:2.22.2]
2023-57-02 22:57:30.876 [main] ERROR com.sdetblueprint.utils.Log - Browser Launch error.
org.openqa.selenium.WebDriverException: Cannot find firefox binary in PATH. Make sure firefox is installed. OS appears to be: MAC
Build info: version: '3.14.0', revision: 'aacccce0', time: '2018-08-02T20:19:58.91Z'
System info: host: 'Gibrans-MacBook-Pro.local', ip: '2806:2f0:51e1:fb31:d4e9:38c9:10be:db38%en0', os.name: 'Mac OS X', os.arch: 'x86_64', os.version: '12.5', java.version: '19.0.2'
Driver info: driver.version: FirefoxDriver
	at org.openqa.selenium.firefox.FirefoxBinary.<init>(FirefoxBinary.java:116) ~[selenium-firefox-driver-3.14.0.jar:?]
	at java.util.Optional.orElseGet(Optional.java:364) ~[?:?]
	at org.openqa.selenium.firefox.FirefoxOptions.getBinary(FirefoxOptions.java:216) ~[selenium-firefox-driver-3.14.0.jar:?]
	at org.openqa.selenium.firefox.FirefoxDriver.toExecutor(FirefoxDriver.java:165) ~[selenium-firefox-driver-3.14.0.jar:?]
	at org.openqa.selenium.firefox.FirefoxDriver.<init>(FirefoxDriver.java:125) ~[selenium-firefox-driver-3.14.0.jar:?]
	at org.openqa.selenium.firefox.FirefoxDriver.<init>(FirefoxDriver.java:103) ~[selenium-firefox-driver-3.14.0.jar:?]
	at org.example.base.TestBase.setup(TestBase.java:28) [test-classes/:?]
	at jdk.internal.reflect.DirectMethodHandleAccessor.invoke(DirectMethodHandleAccessor.java:104) ~[?:?]
	at java.lang.reflect.Method.invoke(Method.java:578) ~[?:?]
	at org.testng.internal.MethodInvocationHelper.invokeMethod(MethodInvocationHelper.java:108) [testng-6.11.jar:?]
	at org.testng.internal.Invoker.invokeConfigurationMethod(Invoker.java:523) [testng-6.11.jar:?]
	at org.testng.internal.Invoker.invokeConfigurations(Invoker.java:224) [testng-6.11.jar:?]
	at org.testng.internal.Invoker.invokeMethod(Invoker.java:599) [testng-6.11.jar:?]
	at org.testng.internal.Invoker.invokeTestMethod(Invoker.java:869) [testng-6.11.jar:?]
	at org.testng.internal.Invoker.invokeTestMethods(Invoker.java:1193) [testng-6.11.jar:?]
	at org.testng.internal.TestMethodWorker.invokeTestMethods(TestMethodWorker.java:126) [testng-6.11.jar:?]
	at org.testng.internal.TestMethodWorker.run(TestMethodWorker.java:109) [testng-6.11.jar:?]
	at org.testng.TestRunner.privateRun(TestRunner.java:744) [testng-6.11.jar:?]
	at org.testng.TestRunner.run(TestRunner.java:602) [testng-6.11.jar:?]
	at org.testng.SuiteRunner.runTest(SuiteRunner.java:380) [testng-6.11.jar:?]
	at org.testng.SuiteRunner.runSequentially(SuiteRunner.java:375) [testng-6.11.jar:?]
	at org.testng.SuiteRunner.privateRun(SuiteRunner.java:340) [testng-6.11.jar:?]
	at org.testng.SuiteRunner.run(SuiteRunner.java:289) [testng-6.11.jar:?]
	at org.testng.SuiteRunnerWorker.runSuite(SuiteRunnerWorker.java:52) [testng-6.11.jar:?]
	at org.testng.SuiteRunnerWorker.run(SuiteRunnerWorker.java:86) [testng-6.11.jar:?]
	at org.testng.TestNG.runSuitesSequentially(TestNG.java:1301) [testng-6.11.jar:?]
	at org.testng.TestNG.runSuitesLocally(TestNG.java:1226) [testng-6.11.jar:?]
	at org.testng.TestNG.runSuites(TestNG.java:1144) [testng-6.11.jar:?]
	at org.testng.TestNG.run(TestNG.java:1115) [testng-6.11.jar:?]
	at org.apache.maven.surefire.testng.TestNGExecutor.run(TestNGExecutor.java:135) [surefire-testng-2.22.2.jar:2.22.2]
	at org.apache.maven.surefire.testng.TestNGDirectoryTestSuite.executeMulti(TestNGDirectoryTestSuite.java:193) [surefire-testng-2.22.2.jar:2.22.2]
	at org.apache.maven.surefire.testng.TestNGDirectoryTestSuite.execute(TestNGDirectoryTestSuite.java:94) [surefire-testng-2.22.2.jar:2.22.2]
	at org.apache.maven.surefire.testng.TestNGProvider.invoke(TestNGProvider.java:146) [surefire-testng-2.22.2.jar:2.22.2]
	at org.apache.maven.surefire.booter.ForkedBooter.invokeProviderInSameClassLoader(ForkedBooter.java:384) [surefire-booter-2.22.2.jar:2.22.2]
	at org.apache.maven.surefire.booter.ForkedBooter.runSuitesInProcess(ForkedBooter.java:345) [surefire-booter-2.22.2.jar:2.22.2]
	at org.apache.maven.surefire.booter.ForkedBooter.execute(ForkedBooter.java:126) [surefire-booter-2.22.2.jar:2.22.2]
	at org.apache.maven.surefire.booter.ForkedBooter.main(ForkedBooter.java:418) [surefire-booter-2.22.2.jar:2.22.2]
2023-58-02 22:58:32.521 [main] ERROR com.sdetblueprint.utils.Log - Browser Launch error.
org.openqa.selenium.WebDriverException: Cannot find firefox binary in PATH. Make sure firefox is installed. OS appears to be: MAC
Build info: version: '3.14.0', revision: 'aacccce0', time: '2018-08-02T20:19:58.91Z'
System info: host: 'Gibrans-MacBook-Pro.local', ip: '2806:2f0:51e1:fb31:d4e9:38c9:10be:db38%en0', os.name: 'Mac OS X', os.arch: 'x86_64', os.version: '12.5', java.version: '19.0.2'
Driver info: driver.version: FirefoxDriver
	at org.openqa.selenium.firefox.FirefoxBinary.<init>(FirefoxBinary.java:116) ~[selenium-firefox-driver-3.14.0.jar:?]
	at java.util.Optional.orElseGet(Optional.java:364) ~[?:?]
	at org.openqa.selenium.firefox.FirefoxOptions.getBinary(FirefoxOptions.java:216) ~[selenium-firefox-driver-3.14.0.jar:?]
	at org.openqa.selenium.firefox.FirefoxDriver.toExecutor(FirefoxDriver.java:165) ~[selenium-firefox-driver-3.14.0.jar:?]
	at org.openqa.selenium.firefox.FirefoxDriver.<init>(FirefoxDriver.java:125) ~[selenium-firefox-driver-3.14.0.jar:?]
	at org.openqa.selenium.firefox.FirefoxDriver.<init>(FirefoxDriver.java:103) ~[selenium-firefox-driver-3.14.0.jar:?]
	at org.example.base.TestBase.setup(TestBase.java:28) [test-classes/:?]
	at jdk.internal.reflect.DirectMethodHandleAccessor.invoke(DirectMethodHandleAccessor.java:104) ~[?:?]
	at java.lang.reflect.Method.invoke(Method.java:578) ~[?:?]
	at org.testng.internal.MethodInvocationHelper.invokeMethod(MethodInvocationHelper.java:108) [testng-6.11.jar:?]
	at org.testng.internal.Invoker.invokeConfigurationMethod(Invoker.java:523) [testng-6.11.jar:?]
	at org.testng.internal.Invoker.invokeConfigurations(Invoker.java:224) [testng-6.11.jar:?]
	at org.testng.internal.Invoker.invokeMethod(Invoker.java:599) [testng-6.11.jar:?]
	at org.testng.internal.Invoker.invokeTestMethod(Invoker.java:869) [testng-6.11.jar:?]
	at org.testng.internal.Invoker.invokeTestMethods(Invoker.java:1193) [testng-6.11.jar:?]
	at org.testng.internal.TestMethodWorker.invokeTestMethods(TestMethodWorker.java:126) [testng-6.11.jar:?]
	at org.testng.internal.TestMethodWorker.run(TestMethodWorker.java:109) [testng-6.11.jar:?]
	at org.testng.TestRunner.privateRun(TestRunner.java:744) [testng-6.11.jar:?]
	at org.testng.TestRunner.run(TestRunner.java:602) [testng-6.11.jar:?]
	at org.testng.SuiteRunner.runTest(SuiteRunner.java:380) [testng-6.11.jar:?]
	at org.testng.SuiteRunner.runSequentially(SuiteRunner.java:375) [testng-6.11.jar:?]
	at org.testng.SuiteRunner.privateRun(SuiteRunner.java:340) [testng-6.11.jar:?]
	at org.testng.SuiteRunner.run(SuiteRunner.java:289) [testng-6.11.jar:?]
	at org.testng.SuiteRunnerWorker.runSuite(SuiteRunnerWorker.java:52) [testng-6.11.jar:?]
	at org.testng.SuiteRunnerWorker.run(SuiteRunnerWorker.java:86) [testng-6.11.jar:?]
	at org.testng.TestNG.runSuitesSequentially(TestNG.java:1301) [testng-6.11.jar:?]
	at org.testng.TestNG.runSuitesLocally(TestNG.java:1226) [testng-6.11.jar:?]
	at org.testng.TestNG.runSuites(TestNG.java:1144) [testng-6.11.jar:?]
	at org.testng.TestNG.run(TestNG.java:1115) [testng-6.11.jar:?]
	at org.apache.maven.surefire.testng.TestNGExecutor.run(TestNGExecutor.java:135) [surefire-testng-2.22.2.jar:2.22.2]
	at org.apache.maven.surefire.testng.TestNGDirectoryTestSuite.executeMulti(TestNGDirectoryTestSuite.java:193) [surefire-testng-2.22.2.jar:2.22.2]
	at org.apache.maven.surefire.testng.TestNGDirectoryTestSuite.execute(TestNGDirectoryTestSuite.java:94) [surefire-testng-2.22.2.jar:2.22.2]
	at org.apache.maven.surefire.testng.TestNGProvider.invoke(TestNGProvider.java:146) [surefire-testng-2.22.2.jar:2.22.2]
	at org.apache.maven.surefire.booter.ForkedBooter.invokeProviderInSameClassLoader(ForkedBooter.java:384) [surefire-booter-2.22.2.jar:2.22.2]
	at org.apache.maven.surefire.booter.ForkedBooter.runSuitesInProcess(ForkedBooter.java:345) [surefire-booter-2.22.2.jar:2.22.2]
	at org.apache.maven.surefire.booter.ForkedBooter.execute(ForkedBooter.java:126) [surefire-booter-2.22.2.jar:2.22.2]
	at org.apache.maven.surefire.booter.ForkedBooter.main(ForkedBooter.java:418) [surefire-booter-2.22.2.jar:2.22.2]
2023-58-02 22:58:32.867 [main] ERROR com.sdetblueprint.utils.Log - Browser Launch error.
org.openqa.selenium.WebDriverException: Cannot find firefox binary in PATH. Make sure firefox is installed. OS appears to be: MAC
Build info: version: '3.14.0', revision: 'aacccce0', time: '2018-08-02T20:19:58.91Z'
System info: host: 'Gibrans-MacBook-Pro.local', ip: '2806:2f0:51e1:fb31:d4e9:38c9:10be:db38%en0', os.name: 'Mac OS X', os.arch: 'x86_64', os.version: '12.5', java.version: '19.0.2'
Driver info: driver.version: FirefoxDriver
	at org.openqa.selenium.firefox.FirefoxBinary.<init>(FirefoxBinary.java:116) ~[selenium-firefox-driver-3.14.0.jar:?]
	at java.util.Optional.orElseGet(Optional.java:364) ~[?:?]
	at org.openqa.selenium.firefox.FirefoxOptions.getBinary(FirefoxOptions.java:216) ~[selenium-firefox-driver-3.14.0.jar:?]
	at org.openqa.selenium.firefox.FirefoxDriver.toExecutor(FirefoxDriver.java:165) ~[selenium-firefox-driver-3.14.0.jar:?]
	at org.openqa.selenium.firefox.FirefoxDriver.<init>(FirefoxDriver.java:125) ~[selenium-firefox-driver-3.14.0.jar:?]
	at org.openqa.selenium.firefox.FirefoxDriver.<init>(FirefoxDriver.java:103) ~[selenium-firefox-driver-3.14.0.jar:?]
	at org.example.base.TestBase.setup(TestBase.java:28) [test-classes/:?]
	at jdk.internal.reflect.DirectMethodHandleAccessor.invoke(DirectMethodHandleAccessor.java:104) ~[?:?]
	at java.lang.reflect.Method.invoke(Method.java:578) ~[?:?]
	at org.testng.internal.MethodInvocationHelper.invokeMethod(MethodInvocationHelper.java:108) [testng-6.11.jar:?]
	at org.testng.internal.Invoker.invokeConfigurationMethod(Invoker.java:523) [testng-6.11.jar:?]
	at org.testng.internal.Invoker.invokeConfigurations(Invoker.java:224) [testng-6.11.jar:?]
	at org.testng.internal.Invoker.invokeMethod(Invoker.java:599) [testng-6.11.jar:?]
	at org.testng.internal.Invoker.invokeTestMethod(Invoker.java:869) [testng-6.11.jar:?]
	at org.testng.internal.Invoker.invokeTestMethods(Invoker.java:1193) [testng-6.11.jar:?]
	at org.testng.internal.TestMethodWorker.invokeTestMethods(TestMethodWorker.java:126) [testng-6.11.jar:?]
	at org.testng.internal.TestMethodWorker.run(TestMethodWorker.java:109) [testng-6.11.jar:?]
	at org.testng.TestRunner.privateRun(TestRunner.java:744) [testng-6.11.jar:?]
	at org.testng.TestRunner.run(TestRunner.java:602) [testng-6.11.jar:?]
	at org.testng.SuiteRunner.runTest(SuiteRunner.java:380) [testng-6.11.jar:?]
	at org.testng.SuiteRunner.runSequentially(SuiteRunner.java:375) [testng-6.11.jar:?]
	at org.testng.SuiteRunner.privateRun(SuiteRunner.java:340) [testng-6.11.jar:?]
	at org.testng.SuiteRunner.run(SuiteRunner.java:289) [testng-6.11.jar:?]
	at org.testng.SuiteRunnerWorker.runSuite(SuiteRunnerWorker.java:52) [testng-6.11.jar:?]
	at org.testng.SuiteRunnerWorker.run(SuiteRunnerWorker.java:86) [testng-6.11.jar:?]
	at org.testng.TestNG.runSuitesSequentially(TestNG.java:1301) [testng-6.11.jar:?]
	at org.testng.TestNG.runSuitesLocally(TestNG.java:1226) [testng-6.11.jar:?]
	at org.testng.TestNG.runSuites(TestNG.java:1144) [testng-6.11.jar:?]
	at org.testng.TestNG.run(TestNG.java:1115) [testng-6.11.jar:?]
	at org.apache.maven.surefire.testng.TestNGExecutor.run(TestNGExecutor.java:135) [surefire-testng-2.22.2.jar:2.22.2]
	at org.apache.maven.surefire.testng.TestNGDirectoryTestSuite.executeMulti(TestNGDirectoryTestSuite.java:193) [surefire-testng-2.22.2.jar:2.22.2]
	at org.apache.maven.surefire.testng.TestNGDirectoryTestSuite.execute(TestNGDirectoryTestSuite.java:94) [surefire-testng-2.22.2.jar:2.22.2]
	at org.apache.maven.surefire.testng.TestNGProvider.invoke(TestNGProvider.java:146) [surefire-testng-2.22.2.jar:2.22.2]
	at org.apache.maven.surefire.booter.ForkedBooter.invokeProviderInSameClassLoader(ForkedBooter.java:384) [surefire-booter-2.22.2.jar:2.22.2]
	at org.apache.maven.surefire.booter.ForkedBooter.runSuitesInProcess(ForkedBooter.java:345) [surefire-booter-2.22.2.jar:2.22.2]
	at org.apache.maven.surefire.booter.ForkedBooter.execute(ForkedBooter.java:126) [surefire-booter-2.22.2.jar:2.22.2]
	at org.apache.maven.surefire.booter.ForkedBooter.main(ForkedBooter.java:418) [surefire-booter-2.22.2.jar:2.22.2]
2023-02-02 23:02:05.971 [main] ERROR com.sdetblueprint.utils.Log - Browser Launch error.
org.openqa.selenium.WebDriverException: Cannot find firefox binary in PATH. Make sure firefox is installed. OS appears to be: MAC
Build info: version: '3.14.0', revision: 'aacccce0', time: '2018-08-02T20:19:58.91Z'
System info: host: 'Gibrans-MacBook-Pro.local', ip: '2806:2f0:51e1:fb31:d4e9:38c9:10be:db38%en0', os.name: 'Mac OS X', os.arch: 'x86_64', os.version: '12.5', java.version: '19.0.2'
Driver info: driver.version: FirefoxDriver
	at org.openqa.selenium.firefox.FirefoxBinary.<init>(FirefoxBinary.java:116) ~[selenium-firefox-driver-3.14.0.jar:?]
	at java.util.Optional.orElseGet(Optional.java:364) ~[?:?]
	at org.openqa.selenium.firefox.FirefoxOptions.getBinary(FirefoxOptions.java:216) ~[selenium-firefox-driver-3.14.0.jar:?]
	at org.openqa.selenium.firefox.FirefoxDriver.toExecutor(FirefoxDriver.java:165) ~[selenium-firefox-driver-3.14.0.jar:?]
	at org.openqa.selenium.firefox.FirefoxDriver.<init>(FirefoxDriver.java:125) ~[selenium-firefox-driver-3.14.0.jar:?]
	at org.openqa.selenium.firefox.FirefoxDriver.<init>(FirefoxDriver.java:103) ~[selenium-firefox-driver-3.14.0.jar:?]
	at org.example.base.TestBase.setUp(TestBase.java:28) [test-classes/:?]
	at jdk.internal.reflect.DirectMethodHandleAccessor.invoke(DirectMethodHandleAccessor.java:104) ~[?:?]
	at java.lang.reflect.Method.invoke(Method.java:578) ~[?:?]
	at org.testng.internal.MethodInvocationHelper.invokeMethod(MethodInvocationHelper.java:108) [testng-6.11.jar:?]
	at org.testng.internal.Invoker.invokeConfigurationMethod(Invoker.java:523) [testng-6.11.jar:?]
	at org.testng.internal.Invoker.invokeConfigurations(Invoker.java:224) [testng-6.11.jar:?]
	at org.testng.internal.Invoker.invokeMethod(Invoker.java:599) [testng-6.11.jar:?]
	at org.testng.internal.Invoker.invokeTestMethod(Invoker.java:869) [testng-6.11.jar:?]
	at org.testng.internal.Invoker.invokeTestMethods(Invoker.java:1193) [testng-6.11.jar:?]
	at org.testng.internal.TestMethodWorker.invokeTestMethods(TestMethodWorker.java:126) [testng-6.11.jar:?]
	at org.testng.internal.TestMethodWorker.run(TestMethodWorker.java:109) [testng-6.11.jar:?]
	at org.testng.TestRunner.privateRun(TestRunner.java:744) [testng-6.11.jar:?]
	at org.testng.TestRunner.run(TestRunner.java:602) [testng-6.11.jar:?]
	at org.testng.SuiteRunner.runTest(SuiteRunner.java:380) [testng-6.11.jar:?]
	at org.testng.SuiteRunner.runSequentially(SuiteRunner.java:375) [testng-6.11.jar:?]
	at org.testng.SuiteRunner.privateRun(SuiteRunner.java:340) [testng-6.11.jar:?]
	at org.testng.SuiteRunner.run(SuiteRunner.java:289) [testng-6.11.jar:?]
	at org.testng.SuiteRunnerWorker.runSuite(SuiteRunnerWorker.java:52) [testng-6.11.jar:?]
	at org.testng.SuiteRunnerWorker.run(SuiteRunnerWorker.java:86) [testng-6.11.jar:?]
	at org.testng.TestNG.runSuitesSequentially(TestNG.java:1301) [testng-6.11.jar:?]
	at org.testng.TestNG.runSuitesLocally(TestNG.java:1226) [testng-6.11.jar:?]
	at org.testng.TestNG.runSuites(TestNG.java:1144) [testng-6.11.jar:?]
	at org.testng.TestNG.run(TestNG.java:1115) [testng-6.11.jar:?]
	at org.apache.maven.surefire.testng.TestNGExecutor.run(TestNGExecutor.java:135) [surefire-testng-2.22.2.jar:2.22.2]
	at org.apache.maven.surefire.testng.TestNGDirectoryTestSuite.executeMulti(TestNGDirectoryTestSuite.java:193) [surefire-testng-2.22.2.jar:2.22.2]
	at org.apache.maven.surefire.testng.TestNGDirectoryTestSuite.execute(TestNGDirectoryTestSuite.java:94) [surefire-testng-2.22.2.jar:2.22.2]
	at org.apache.maven.surefire.testng.TestNGProvider.invoke(TestNGProvider.java:146) [surefire-testng-2.22.2.jar:2.22.2]
	at org.apache.maven.surefire.booter.ForkedBooter.invokeProviderInSameClassLoader(ForkedBooter.java:384) [surefire-booter-2.22.2.jar:2.22.2]
	at org.apache.maven.surefire.booter.ForkedBooter.runSuitesInProcess(ForkedBooter.java:345) [surefire-booter-2.22.2.jar:2.22.2]
	at org.apache.maven.surefire.booter.ForkedBooter.execute(ForkedBooter.java:126) [surefire-booter-2.22.2.jar:2.22.2]
	at org.apache.maven.surefire.booter.ForkedBooter.main(ForkedBooter.java:418) [surefire-booter-2.22.2.jar:2.22.2]
2023-02-02 23:02:06.447 [main] ERROR com.sdetblueprint.utils.Log - Browser Launch error.
org.openqa.selenium.WebDriverException: Cannot find firefox binary in PATH. Make sure firefox is installed. OS appears to be: MAC
Build info: version: '3.14.0', revision: 'aacccce0', time: '2018-08-02T20:19:58.91Z'
System info: host: 'Gibrans-MacBook-Pro.local', ip: '2806:2f0:51e1:fb31:d4e9:38c9:10be:db38%en0', os.name: 'Mac OS X', os.arch: 'x86_64', os.version: '12.5', java.version: '19.0.2'
Driver info: driver.version: FirefoxDriver
	at org.openqa.selenium.firefox.FirefoxBinary.<init>(FirefoxBinary.java:116) ~[selenium-firefox-driver-3.14.0.jar:?]
	at java.util.Optional.orElseGet(Optional.java:364) ~[?:?]
	at org.openqa.selenium.firefox.FirefoxOptions.getBinary(FirefoxOptions.java:216) ~[selenium-firefox-driver-3.14.0.jar:?]
	at org.openqa.selenium.firefox.FirefoxDriver.toExecutor(FirefoxDriver.java:165) ~[selenium-firefox-driver-3.14.0.jar:?]
	at org.openqa.selenium.firefox.FirefoxDriver.<init>(FirefoxDriver.java:125) ~[selenium-firefox-driver-3.14.0.jar:?]
	at org.openqa.selenium.firefox.FirefoxDriver.<init>(FirefoxDriver.java:103) ~[selenium-firefox-driver-3.14.0.jar:?]
	at org.example.base.TestBase.setUp(TestBase.java:28) [test-classes/:?]
	at jdk.internal.reflect.DirectMethodHandleAccessor.invoke(DirectMethodHandleAccessor.java:104) ~[?:?]
	at java.lang.reflect.Method.invoke(Method.java:578) ~[?:?]
	at org.testng.internal.MethodInvocationHelper.invokeMethod(MethodInvocationHelper.java:108) [testng-6.11.jar:?]
	at org.testng.internal.Invoker.invokeConfigurationMethod(Invoker.java:523) [testng-6.11.jar:?]
	at org.testng.internal.Invoker.invokeConfigurations(Invoker.java:224) [testng-6.11.jar:?]
	at org.testng.internal.Invoker.invokeMethod(Invoker.java:599) [testng-6.11.jar:?]
	at org.testng.internal.Invoker.invokeTestMethod(Invoker.java:869) [testng-6.11.jar:?]
	at org.testng.internal.Invoker.invokeTestMethods(Invoker.java:1193) [testng-6.11.jar:?]
	at org.testng.internal.TestMethodWorker.invokeTestMethods(TestMethodWorker.java:126) [testng-6.11.jar:?]
	at org.testng.internal.TestMethodWorker.run(TestMethodWorker.java:109) [testng-6.11.jar:?]
	at org.testng.TestRunner.privateRun(TestRunner.java:744) [testng-6.11.jar:?]
	at org.testng.TestRunner.run(TestRunner.java:602) [testng-6.11.jar:?]
	at org.testng.SuiteRunner.runTest(SuiteRunner.java:380) [testng-6.11.jar:?]
	at org.testng.SuiteRunner.runSequentially(SuiteRunner.java:375) [testng-6.11.jar:?]
	at org.testng.SuiteRunner.privateRun(SuiteRunner.java:340) [testng-6.11.jar:?]
	at org.testng.SuiteRunner.run(SuiteRunner.java:289) [testng-6.11.jar:?]
	at org.testng.SuiteRunnerWorker.runSuite(SuiteRunnerWorker.java:52) [testng-6.11.jar:?]
	at org.testng.SuiteRunnerWorker.run(SuiteRunnerWorker.java:86) [testng-6.11.jar:?]
	at org.testng.TestNG.runSuitesSequentially(TestNG.java:1301) [testng-6.11.jar:?]
	at org.testng.TestNG.runSuitesLocally(TestNG.java:1226) [testng-6.11.jar:?]
	at org.testng.TestNG.runSuites(TestNG.java:1144) [testng-6.11.jar:?]
	at org.testng.TestNG.run(TestNG.java:1115) [testng-6.11.jar:?]
	at org.apache.maven.surefire.testng.TestNGExecutor.run(TestNGExecutor.java:135) [surefire-testng-2.22.2.jar:2.22.2]
	at org.apache.maven.surefire.testng.TestNGDirectoryTestSuite.executeMulti(TestNGDirectoryTestSuite.java:193) [surefire-testng-2.22.2.jar:2.22.2]
	at org.apache.maven.surefire.testng.TestNGDirectoryTestSuite.execute(TestNGDirectoryTestSuite.java:94) [surefire-testng-2.22.2.jar:2.22.2]
	at org.apache.maven.surefire.testng.TestNGProvider.invoke(TestNGProvider.java:146) [surefire-testng-2.22.2.jar:2.22.2]
	at org.apache.maven.surefire.booter.ForkedBooter.invokeProviderInSameClassLoader(ForkedBooter.java:384) [surefire-booter-2.22.2.jar:2.22.2]
	at org.apache.maven.surefire.booter.ForkedBooter.runSuitesInProcess(ForkedBooter.java:345) [surefire-booter-2.22.2.jar:2.22.2]
	at org.apache.maven.surefire.booter.ForkedBooter.execute(ForkedBooter.java:126) [surefire-booter-2.22.2.jar:2.22.2]
	at org.apache.maven.surefire.booter.ForkedBooter.main(ForkedBooter.java:418) [surefire-booter-2.22.2.jar:2.22.2]
2023-04-02 23:04:00.418 [main] ERROR com.sdetblueprint.utils.Log - Browser Launch error.
java.lang.IllegalStateException: The path to the driver executable must be set by the webdriver.gecko.driver system property; for more information, see https://github.com/mozilla/geckodriver. The latest version can be downloaded from https://github.com/mozilla/geckodriver/releases
	at com.google.common.base.Preconditions.checkState(Preconditions.java:847) ~[guava-25.0-jre.jar:?]
	at org.openqa.selenium.remote.service.DriverService.findExecutable(DriverService.java:125) ~[selenium-remote-driver-3.14.0.jar:?]
	at org.openqa.selenium.firefox.GeckoDriverService.access$100(GeckoDriverService.java:43) ~[selenium-firefox-driver-3.14.0.jar:?]
	at org.openqa.selenium.firefox.GeckoDriverService$Builder.findDefaultExecutable(GeckoDriverService.java:168) ~[selenium-firefox-driver-3.14.0.jar:?]
	at org.openqa.selenium.remote.service.DriverService$Builder.build(DriverService.java:346) ~[selenium-remote-driver-3.14.0.jar:?]
	at org.openqa.selenium.firefox.FirefoxDriver.toExecutor(FirefoxDriver.java:168) ~[selenium-firefox-driver-3.14.0.jar:?]
	at org.openqa.selenium.firefox.FirefoxDriver.<init>(FirefoxDriver.java:125) ~[selenium-firefox-driver-3.14.0.jar:?]
	at org.openqa.selenium.firefox.FirefoxDriver.<init>(FirefoxDriver.java:103) ~[selenium-firefox-driver-3.14.0.jar:?]
	at org.example.base.TestBase.setUp(TestBase.java:28) [test-classes/:?]
	at jdk.internal.reflect.DirectMethodHandleAccessor.invoke(DirectMethodHandleAccessor.java:104) ~[?:?]
	at java.lang.reflect.Method.invoke(Method.java:578) ~[?:?]
	at org.testng.internal.MethodInvocationHelper.invokeMethod(MethodInvocationHelper.java:108) [testng-6.11.jar:?]
	at org.testng.internal.Invoker.invokeConfigurationMethod(Invoker.java:523) [testng-6.11.jar:?]
	at org.testng.internal.Invoker.invokeConfigurations(Invoker.java:224) [testng-6.11.jar:?]
	at org.testng.internal.Invoker.invokeMethod(Invoker.java:599) [testng-6.11.jar:?]
	at org.testng.internal.Invoker.invokeTestMethod(Invoker.java:869) [testng-6.11.jar:?]
	at org.testng.internal.Invoker.invokeTestMethods(Invoker.java:1193) [testng-6.11.jar:?]
	at org.testng.internal.TestMethodWorker.invokeTestMethods(TestMethodWorker.java:126) [testng-6.11.jar:?]
	at org.testng.internal.TestMethodWorker.run(TestMethodWorker.java:109) [testng-6.11.jar:?]
	at org.testng.TestRunner.privateRun(TestRunner.java:744) [testng-6.11.jar:?]
	at org.testng.TestRunner.run(TestRunner.java:602) [testng-6.11.jar:?]
	at org.testng.SuiteRunner.runTest(SuiteRunner.java:380) [testng-6.11.jar:?]
	at org.testng.SuiteRunner.runSequentially(SuiteRunner.java:375) [testng-6.11.jar:?]
	at org.testng.SuiteRunner.privateRun(SuiteRunner.java:340) [testng-6.11.jar:?]
	at org.testng.SuiteRunner.run(SuiteRunner.java:289) [testng-6.11.jar:?]
	at org.testng.SuiteRunnerWorker.runSuite(SuiteRunnerWorker.java:52) [testng-6.11.jar:?]
	at org.testng.SuiteRunnerWorker.run(SuiteRunnerWorker.java:86) [testng-6.11.jar:?]
	at org.testng.TestNG.runSuitesSequentially(TestNG.java:1301) [testng-6.11.jar:?]
	at org.testng.TestNG.runSuitesLocally(TestNG.java:1226) [testng-6.11.jar:?]
	at org.testng.TestNG.runSuites(TestNG.java:1144) [testng-6.11.jar:?]
	at org.testng.TestNG.run(TestNG.java:1115) [testng-6.11.jar:?]
	at org.apache.maven.surefire.testng.TestNGExecutor.run(TestNGExecutor.java:135) [surefire-testng-2.22.2.jar:2.22.2]
	at org.apache.maven.surefire.testng.TestNGDirectoryTestSuite.executeMulti(TestNGDirectoryTestSuite.java:193) [surefire-testng-2.22.2.jar:2.22.2]
	at org.apache.maven.surefire.testng.TestNGDirectoryTestSuite.execute(TestNGDirectoryTestSuite.java:94) [surefire-testng-2.22.2.jar:2.22.2]
	at org.apache.maven.surefire.testng.TestNGProvider.invoke(TestNGProvider.java:146) [surefire-testng-2.22.2.jar:2.22.2]
	at org.apache.maven.surefire.booter.ForkedBooter.invokeProviderInSameClassLoader(ForkedBooter.java:384) [surefire-booter-2.22.2.jar:2.22.2]
	at org.apache.maven.surefire.booter.ForkedBooter.runSuitesInProcess(ForkedBooter.java:345) [surefire-booter-2.22.2.jar:2.22.2]
	at org.apache.maven.surefire.booter.ForkedBooter.execute(ForkedBooter.java:126) [surefire-booter-2.22.2.jar:2.22.2]
	at org.apache.maven.surefire.booter.ForkedBooter.main(ForkedBooter.java:418) [surefire-booter-2.22.2.jar:2.22.2]
2023-04-02 23:04:00.723 [main] ERROR com.sdetblueprint.utils.Log - Browser Launch error.
java.lang.IllegalStateException: The path to the driver executable must be set by the webdriver.gecko.driver system property; for more information, see https://github.com/mozilla/geckodriver. The latest version can be downloaded from https://github.com/mozilla/geckodriver/releases
	at com.google.common.base.Preconditions.checkState(Preconditions.java:847) ~[guava-25.0-jre.jar:?]
	at org.openqa.selenium.remote.service.DriverService.findExecutable(DriverService.java:125) ~[selenium-remote-driver-3.14.0.jar:?]
	at org.openqa.selenium.firefox.GeckoDriverService.access$100(GeckoDriverService.java:43) ~[selenium-firefox-driver-3.14.0.jar:?]
	at org.openqa.selenium.firefox.GeckoDriverService$Builder.findDefaultExecutable(GeckoDriverService.java:168) ~[selenium-firefox-driver-3.14.0.jar:?]
	at org.openqa.selenium.remote.service.DriverService$Builder.build(DriverService.java:346) ~[selenium-remote-driver-3.14.0.jar:?]
	at org.openqa.selenium.firefox.FirefoxDriver.toExecutor(FirefoxDriver.java:168) ~[selenium-firefox-driver-3.14.0.jar:?]
	at org.openqa.selenium.firefox.FirefoxDriver.<init>(FirefoxDriver.java:125) ~[selenium-firefox-driver-3.14.0.jar:?]
	at org.openqa.selenium.firefox.FirefoxDriver.<init>(FirefoxDriver.java:103) ~[selenium-firefox-driver-3.14.0.jar:?]
	at org.example.base.TestBase.setUp(TestBase.java:28) [test-classes/:?]
	at jdk.internal.reflect.DirectMethodHandleAccessor.invoke(DirectMethodHandleAccessor.java:104) ~[?:?]
	at java.lang.reflect.Method.invoke(Method.java:578) ~[?:?]
	at org.testng.internal.MethodInvocationHelper.invokeMethod(MethodInvocationHelper.java:108) [testng-6.11.jar:?]
	at org.testng.internal.Invoker.invokeConfigurationMethod(Invoker.java:523) [testng-6.11.jar:?]
	at org.testng.internal.Invoker.invokeConfigurations(Invoker.java:224) [testng-6.11.jar:?]
	at org.testng.internal.Invoker.invokeMethod(Invoker.java:599) [testng-6.11.jar:?]
	at org.testng.internal.Invoker.invokeTestMethod(Invoker.java:869) [testng-6.11.jar:?]
	at org.testng.internal.Invoker.invokeTestMethods(Invoker.java:1193) [testng-6.11.jar:?]
	at org.testng.internal.TestMethodWorker.invokeTestMethods(TestMethodWorker.java:126) [testng-6.11.jar:?]
	at org.testng.internal.TestMethodWorker.run(TestMethodWorker.java:109) [testng-6.11.jar:?]
	at org.testng.TestRunner.privateRun(TestRunner.java:744) [testng-6.11.jar:?]
	at org.testng.TestRunner.run(TestRunner.java:602) [testng-6.11.jar:?]
	at org.testng.SuiteRunner.runTest(SuiteRunner.java:380) [testng-6.11.jar:?]
	at org.testng.SuiteRunner.runSequentially(SuiteRunner.java:375) [testng-6.11.jar:?]
	at org.testng.SuiteRunner.privateRun(SuiteRunner.java:340) [testng-6.11.jar:?]
	at org.testng.SuiteRunner.run(SuiteRunner.java:289) [testng-6.11.jar:?]
	at org.testng.SuiteRunnerWorker.runSuite(SuiteRunnerWorker.java:52) [testng-6.11.jar:?]
	at org.testng.SuiteRunnerWorker.run(SuiteRunnerWorker.java:86) [testng-6.11.jar:?]
	at org.testng.TestNG.runSuitesSequentially(TestNG.java:1301) [testng-6.11.jar:?]
	at org.testng.TestNG.runSuitesLocally(TestNG.java:1226) [testng-6.11.jar:?]
	at org.testng.TestNG.runSuites(TestNG.java:1144) [testng-6.11.jar:?]
	at org.testng.TestNG.run(TestNG.java:1115) [testng-6.11.jar:?]
	at org.apache.maven.surefire.testng.TestNGExecutor.run(TestNGExecutor.java:135) [surefire-testng-2.22.2.jar:2.22.2]
	at org.apache.maven.surefire.testng.TestNGDirectoryTestSuite.executeMulti(TestNGDirectoryTestSuite.java:193) [surefire-testng-2.22.2.jar:2.22.2]
	at org.apache.maven.surefire.testng.TestNGDirectoryTestSuite.execute(TestNGDirectoryTestSuite.java:94) [surefire-testng-2.22.2.jar:2.22.2]
	at org.apache.maven.surefire.testng.TestNGProvider.invoke(TestNGProvider.java:146) [surefire-testng-2.22.2.jar:2.22.2]
	at org.apache.maven.surefire.booter.ForkedBooter.invokeProviderInSameClassLoader(ForkedBooter.java:384) [surefire-booter-2.22.2.jar:2.22.2]
	at org.apache.maven.surefire.booter.ForkedBooter.runSuitesInProcess(ForkedBooter.java:345) [surefire-booter-2.22.2.jar:2.22.2]
	at org.apache.maven.surefire.booter.ForkedBooter.execute(ForkedBooter.java:126) [surefire-booter-2.22.2.jar:2.22.2]
	at org.apache.maven.surefire.booter.ForkedBooter.main(ForkedBooter.java:418) [surefire-booter-2.22.2.jar:2.22.2]
2023-37-06 22:37:05.435 [main] ERROR com.sdetblueprint.utils.Log - Browser Launch error.
java.lang.IllegalStateException: The path to the driver executable must be set by the webdriver.gecko.driver system property; for more information, see https://github.com/mozilla/geckodriver. The latest version can be downloaded from https://github.com/mozilla/geckodriver/releases
	at com.google.common.base.Preconditions.checkState(Preconditions.java:847) ~[guava-25.0-jre.jar:?]
	at org.openqa.selenium.remote.service.DriverService.findExecutable(DriverService.java:125) ~[selenium-remote-driver-3.14.0.jar:?]
	at org.openqa.selenium.firefox.GeckoDriverService.access$100(GeckoDriverService.java:43) ~[selenium-firefox-driver-3.14.0.jar:?]
	at org.openqa.selenium.firefox.GeckoDriverService$Builder.findDefaultExecutable(GeckoDriverService.java:168) ~[selenium-firefox-driver-3.14.0.jar:?]
	at org.openqa.selenium.remote.service.DriverService$Builder.build(DriverService.java:346) ~[selenium-remote-driver-3.14.0.jar:?]
	at org.openqa.selenium.firefox.FirefoxDriver.toExecutor(FirefoxDriver.java:168) ~[selenium-firefox-driver-3.14.0.jar:?]
	at org.openqa.selenium.firefox.FirefoxDriver.<init>(FirefoxDriver.java:125) ~[selenium-firefox-driver-3.14.0.jar:?]
	at org.openqa.selenium.firefox.FirefoxDriver.<init>(FirefoxDriver.java:103) ~[selenium-firefox-driver-3.14.0.jar:?]
	at org.example.base.TestBase.setUp(TestBase.java:28) [test-classes/:?]
	at jdk.internal.reflect.DirectMethodHandleAccessor.invoke(DirectMethodHandleAccessor.java:104) ~[?:?]
	at java.lang.reflect.Method.invoke(Method.java:578) ~[?:?]
	at org.testng.internal.MethodInvocationHelper.invokeMethod(MethodInvocationHelper.java:108) [testng-6.11.jar:?]
	at org.testng.internal.Invoker.invokeConfigurationMethod(Invoker.java:523) [testng-6.11.jar:?]
	at org.testng.internal.Invoker.invokeConfigurations(Invoker.java:224) [testng-6.11.jar:?]
	at org.testng.internal.Invoker.invokeMethod(Invoker.java:599) [testng-6.11.jar:?]
	at org.testng.internal.Invoker.invokeTestMethod(Invoker.java:869) [testng-6.11.jar:?]
	at org.testng.internal.Invoker.invokeTestMethods(Invoker.java:1193) [testng-6.11.jar:?]
	at org.testng.internal.TestMethodWorker.invokeTestMethods(TestMethodWorker.java:126) [testng-6.11.jar:?]
	at org.testng.internal.TestMethodWorker.run(TestMethodWorker.java:109) [testng-6.11.jar:?]
	at org.testng.TestRunner.privateRun(TestRunner.java:744) [testng-6.11.jar:?]
	at org.testng.TestRunner.run(TestRunner.java:602) [testng-6.11.jar:?]
	at org.testng.SuiteRunner.runTest(SuiteRunner.java:380) [testng-6.11.jar:?]
	at org.testng.SuiteRunner.runSequentially(SuiteRunner.java:375) [testng-6.11.jar:?]
	at org.testng.SuiteRunner.privateRun(SuiteRunner.java:340) [testng-6.11.jar:?]
	at org.testng.SuiteRunner.run(SuiteRunner.java:289) [testng-6.11.jar:?]
	at org.testng.SuiteRunnerWorker.runSuite(SuiteRunnerWorker.java:52) [testng-6.11.jar:?]
	at org.testng.SuiteRunnerWorker.run(SuiteRunnerWorker.java:86) [testng-6.11.jar:?]
	at org.testng.TestNG.runSuitesSequentially(TestNG.java:1301) [testng-6.11.jar:?]
	at org.testng.TestNG.runSuitesLocally(TestNG.java:1226) [testng-6.11.jar:?]
	at org.testng.TestNG.runSuites(TestNG.java:1144) [testng-6.11.jar:?]
	at org.testng.TestNG.run(TestNG.java:1115) [testng-6.11.jar:?]
	at org.apache.maven.surefire.testng.TestNGExecutor.run(TestNGExecutor.java:135) [surefire-testng-2.22.2.jar:2.22.2]
	at org.apache.maven.surefire.testng.TestNGDirectoryTestSuite.executeMulti(TestNGDirectoryTestSuite.java:193) [surefire-testng-2.22.2.jar:2.22.2]
	at org.apache.maven.surefire.testng.TestNGDirectoryTestSuite.execute(TestNGDirectoryTestSuite.java:94) [surefire-testng-2.22.2.jar:2.22.2]
	at org.apache.maven.surefire.testng.TestNGProvider.invoke(TestNGProvider.java:146) [surefire-testng-2.22.2.jar:2.22.2]
	at org.apache.maven.surefire.booter.ForkedBooter.invokeProviderInSameClassLoader(ForkedBooter.java:384) [surefire-booter-2.22.2.jar:2.22.2]
	at org.apache.maven.surefire.booter.ForkedBooter.runSuitesInProcess(ForkedBooter.java:345) [surefire-booter-2.22.2.jar:2.22.2]
	at org.apache.maven.surefire.booter.ForkedBooter.execute(ForkedBooter.java:126) [surefire-booter-2.22.2.jar:2.22.2]
	at org.apache.maven.surefire.booter.ForkedBooter.main(ForkedBooter.java:418) [surefire-booter-2.22.2.jar:2.22.2]
2023-37-06 22:37:05.861 [main] ERROR com.sdetblueprint.utils.Log - Browser Launch error.
java.lang.IllegalStateException: The path to the driver executable must be set by the webdriver.gecko.driver system property; for more information, see https://github.com/mozilla/geckodriver. The latest version can be downloaded from https://github.com/mozilla/geckodriver/releases
	at com.google.common.base.Preconditions.checkState(Preconditions.java:847) ~[guava-25.0-jre.jar:?]
	at org.openqa.selenium.remote.service.DriverService.findExecutable(DriverService.java:125) ~[selenium-remote-driver-3.14.0.jar:?]
	at org.openqa.selenium.firefox.GeckoDriverService.access$100(GeckoDriverService.java:43) ~[selenium-firefox-driver-3.14.0.jar:?]
	at org.openqa.selenium.firefox.GeckoDriverService$Builder.findDefaultExecutable(GeckoDriverService.java:168) ~[selenium-firefox-driver-3.14.0.jar:?]
	at org.openqa.selenium.remote.service.DriverService$Builder.build(DriverService.java:346) ~[selenium-remote-driver-3.14.0.jar:?]
	at org.openqa.selenium.firefox.FirefoxDriver.toExecutor(FirefoxDriver.java:168) ~[selenium-firefox-driver-3.14.0.jar:?]
	at org.openqa.selenium.firefox.FirefoxDriver.<init>(FirefoxDriver.java:125) ~[selenium-firefox-driver-3.14.0.jar:?]
	at org.openqa.selenium.firefox.FirefoxDriver.<init>(FirefoxDriver.java:103) ~[selenium-firefox-driver-3.14.0.jar:?]
	at org.example.base.TestBase.setUp(TestBase.java:28) [test-classes/:?]
	at jdk.internal.reflect.DirectMethodHandleAccessor.invoke(DirectMethodHandleAccessor.java:104) ~[?:?]
	at java.lang.reflect.Method.invoke(Method.java:578) ~[?:?]
	at org.testng.internal.MethodInvocationHelper.invokeMethod(MethodInvocationHelper.java:108) [testng-6.11.jar:?]
	at org.testng.internal.Invoker.invokeConfigurationMethod(Invoker.java:523) [testng-6.11.jar:?]
	at org.testng.internal.Invoker.invokeConfigurations(Invoker.java:224) [testng-6.11.jar:?]
	at org.testng.internal.Invoker.invokeMethod(Invoker.java:599) [testng-6.11.jar:?]
	at org.testng.internal.Invoker.invokeTestMethod(Invoker.java:869) [testng-6.11.jar:?]
	at org.testng.internal.Invoker.invokeTestMethods(Invoker.java:1193) [testng-6.11.jar:?]
	at org.testng.internal.TestMethodWorker.invokeTestMethods(TestMethodWorker.java:126) [testng-6.11.jar:?]
	at org.testng.internal.TestMethodWorker.run(TestMethodWorker.java:109) [testng-6.11.jar:?]
	at org.testng.TestRunner.privateRun(TestRunner.java:744) [testng-6.11.jar:?]
	at org.testng.TestRunner.run(TestRunner.java:602) [testng-6.11.jar:?]
	at org.testng.SuiteRunner.runTest(SuiteRunner.java:380) [testng-6.11.jar:?]
	at org.testng.SuiteRunner.runSequentially(SuiteRunner.java:375) [testng-6.11.jar:?]
	at org.testng.SuiteRunner.privateRun(SuiteRunner.java:340) [testng-6.11.jar:?]
	at org.testng.SuiteRunner.run(SuiteRunner.java:289) [testng-6.11.jar:?]
	at org.testng.SuiteRunnerWorker.runSuite(SuiteRunnerWorker.java:52) [testng-6.11.jar:?]
	at org.testng.SuiteRunnerWorker.run(SuiteRunnerWorker.java:86) [testng-6.11.jar:?]
	at org.testng.TestNG.runSuitesSequentially(TestNG.java:1301) [testng-6.11.jar:?]
	at org.testng.TestNG.runSuitesLocally(TestNG.java:1226) [testng-6.11.jar:?]
	at org.testng.TestNG.runSuites(TestNG.java:1144) [testng-6.11.jar:?]
	at org.testng.TestNG.run(TestNG.java:1115) [testng-6.11.jar:?]
	at org.apache.maven.surefire.testng.TestNGExecutor.run(TestNGExecutor.java:135) [surefire-testng-2.22.2.jar:2.22.2]
	at org.apache.maven.surefire.testng.TestNGDirectoryTestSuite.executeMulti(TestNGDirectoryTestSuite.java:193) [surefire-testng-2.22.2.jar:2.22.2]
	at org.apache.maven.surefire.testng.TestNGDirectoryTestSuite.execute(TestNGDirectoryTestSuite.java:94) [surefire-testng-2.22.2.jar:2.22.2]
	at org.apache.maven.surefire.testng.TestNGProvider.invoke(TestNGProvider.java:146) [surefire-testng-2.22.2.jar:2.22.2]
	at org.apache.maven.surefire.booter.ForkedBooter.invokeProviderInSameClassLoader(ForkedBooter.java:384) [surefire-booter-2.22.2.jar:2.22.2]
	at org.apache.maven.surefire.booter.ForkedBooter.runSuitesInProcess(ForkedBooter.java:345) [surefire-booter-2.22.2.jar:2.22.2]
	at org.apache.maven.surefire.booter.ForkedBooter.execute(ForkedBooter.java:126) [surefire-booter-2.22.2.jar:2.22.2]
	at org.apache.maven.surefire.booter.ForkedBooter.main(ForkedBooter.java:418) [surefire-booter-2.22.2.jar:2.22.2]
2023-15-06 23:15:30.631 [main] ERROR com.sdetblueprint.utils.Log - Browser Launch error.
java.lang.IllegalStateException: The path to the driver executable must be set by the webdriver.gecko.driver system property; for more information, see https://github.com/mozilla/geckodriver. The latest version can be downloaded from https://github.com/mozilla/geckodriver/releases
	at com.google.common.base.Preconditions.checkState(Preconditions.java:847) ~[guava-25.0-jre.jar:?]
	at org.openqa.selenium.remote.service.DriverService.findExecutable(DriverService.java:125) ~[selenium-remote-driver-3.14.0.jar:?]
	at org.openqa.selenium.firefox.GeckoDriverService.access$100(GeckoDriverService.java:43) ~[selenium-firefox-driver-3.14.0.jar:?]
	at org.openqa.selenium.firefox.GeckoDriverService$Builder.findDefaultExecutable(GeckoDriverService.java:168) ~[selenium-firefox-driver-3.14.0.jar:?]
	at org.openqa.selenium.remote.service.DriverService$Builder.build(DriverService.java:346) ~[selenium-remote-driver-3.14.0.jar:?]
	at org.openqa.selenium.firefox.FirefoxDriver.toExecutor(FirefoxDriver.java:168) ~[selenium-firefox-driver-3.14.0.jar:?]
	at org.openqa.selenium.firefox.FirefoxDriver.<init>(FirefoxDriver.java:125) ~[selenium-firefox-driver-3.14.0.jar:?]
	at org.openqa.selenium.firefox.FirefoxDriver.<init>(FirefoxDriver.java:103) ~[selenium-firefox-driver-3.14.0.jar:?]
	at org.example.base.TestBase.setUp(TestBase.java:28) [test-classes/:?]
	at jdk.internal.reflect.DirectMethodHandleAccessor.invoke(DirectMethodHandleAccessor.java:104) ~[?:?]
	at java.lang.reflect.Method.invoke(Method.java:578) ~[?:?]
	at org.testng.internal.MethodInvocationHelper.invokeMethod(MethodInvocationHelper.java:108) [testng-6.11.jar:?]
	at org.testng.internal.Invoker.invokeConfigurationMethod(Invoker.java:523) [testng-6.11.jar:?]
	at org.testng.internal.Invoker.invokeConfigurations(Invoker.java:224) [testng-6.11.jar:?]
	at org.testng.internal.Invoker.invokeMethod(Invoker.java:599) [testng-6.11.jar:?]
	at org.testng.internal.Invoker.invokeTestMethod(Invoker.java:869) [testng-6.11.jar:?]
	at org.testng.internal.Invoker.invokeTestMethods(Invoker.java:1193) [testng-6.11.jar:?]
	at org.testng.internal.TestMethodWorker.invokeTestMethods(TestMethodWorker.java:126) [testng-6.11.jar:?]
	at org.testng.internal.TestMethodWorker.run(TestMethodWorker.java:109) [testng-6.11.jar:?]
	at org.testng.TestRunner.privateRun(TestRunner.java:744) [testng-6.11.jar:?]
	at org.testng.TestRunner.run(TestRunner.java:602) [testng-6.11.jar:?]
	at org.testng.SuiteRunner.runTest(SuiteRunner.java:380) [testng-6.11.jar:?]
	at org.testng.SuiteRunner.runSequentially(SuiteRunner.java:375) [testng-6.11.jar:?]
	at org.testng.SuiteRunner.privateRun(SuiteRunner.java:340) [testng-6.11.jar:?]
	at org.testng.SuiteRunner.run(SuiteRunner.java:289) [testng-6.11.jar:?]
	at org.testng.SuiteRunnerWorker.runSuite(SuiteRunnerWorker.java:52) [testng-6.11.jar:?]
	at org.testng.SuiteRunnerWorker.run(SuiteRunnerWorker.java:86) [testng-6.11.jar:?]
	at org.testng.TestNG.runSuitesSequentially(TestNG.java:1301) [testng-6.11.jar:?]
	at org.testng.TestNG.runSuitesLocally(TestNG.java:1226) [testng-6.11.jar:?]
	at org.testng.TestNG.runSuites(TestNG.java:1144) [testng-6.11.jar:?]
	at org.testng.TestNG.run(TestNG.java:1115) [testng-6.11.jar:?]
	at org.apache.maven.surefire.testng.TestNGExecutor.run(TestNGExecutor.java:135) [surefire-testng-2.22.2.jar:2.22.2]
	at org.apache.maven.surefire.testng.TestNGDirectoryTestSuite.executeMulti(TestNGDirectoryTestSuite.java:193) [surefire-testng-2.22.2.jar:2.22.2]
	at org.apache.maven.surefire.testng.TestNGDirectoryTestSuite.execute(TestNGDirectoryTestSuite.java:94) [surefire-testng-2.22.2.jar:2.22.2]
	at org.apache.maven.surefire.testng.TestNGProvider.invoke(TestNGProvider.java:146) [surefire-testng-2.22.2.jar:2.22.2]
	at org.apache.maven.surefire.booter.ForkedBooter.invokeProviderInSameClassLoader(ForkedBooter.java:384) [surefire-booter-2.22.2.jar:2.22.2]
	at org.apache.maven.surefire.booter.ForkedBooter.runSuitesInProcess(ForkedBooter.java:345) [surefire-booter-2.22.2.jar:2.22.2]
	at org.apache.maven.surefire.booter.ForkedBooter.execute(ForkedBooter.java:126) [surefire-booter-2.22.2.jar:2.22.2]
	at org.apache.maven.surefire.booter.ForkedBooter.main(ForkedBooter.java:418) [surefire-booter-2.22.2.jar:2.22.2]
2023-15-06 23:15:31.263 [main] ERROR com.sdetblueprint.utils.Log - Browser Launch error.
java.lang.IllegalStateException: The path to the driver executable must be set by the webdriver.gecko.driver system property; for more information, see https://github.com/mozilla/geckodriver. The latest version can be downloaded from https://github.com/mozilla/geckodriver/releases
	at com.google.common.base.Preconditions.checkState(Preconditions.java:847) ~[guava-25.0-jre.jar:?]
	at org.openqa.selenium.remote.service.DriverService.findExecutable(DriverService.java:125) ~[selenium-remote-driver-3.14.0.jar:?]
	at org.openqa.selenium.firefox.GeckoDriverService.access$100(GeckoDriverService.java:43) ~[selenium-firefox-driver-3.14.0.jar:?]
	at org.openqa.selenium.firefox.GeckoDriverService$Builder.findDefaultExecutable(GeckoDriverService.java:168) ~[selenium-firefox-driver-3.14.0.jar:?]
	at org.openqa.selenium.remote.service.DriverService$Builder.build(DriverService.java:346) ~[selenium-remote-driver-3.14.0.jar:?]
	at org.openqa.selenium.firefox.FirefoxDriver.toExecutor(FirefoxDriver.java:168) ~[selenium-firefox-driver-3.14.0.jar:?]
	at org.openqa.selenium.firefox.FirefoxDriver.<init>(FirefoxDriver.java:125) ~[selenium-firefox-driver-3.14.0.jar:?]
	at org.openqa.selenium.firefox.FirefoxDriver.<init>(FirefoxDriver.java:103) ~[selenium-firefox-driver-3.14.0.jar:?]
	at org.example.base.TestBase.setUp(TestBase.java:28) [test-classes/:?]
	at jdk.internal.reflect.DirectMethodHandleAccessor.invoke(DirectMethodHandleAccessor.java:104) ~[?:?]
	at java.lang.reflect.Method.invoke(Method.java:578) ~[?:?]
	at org.testng.internal.MethodInvocationHelper.invokeMethod(MethodInvocationHelper.java:108) [testng-6.11.jar:?]
	at org.testng.internal.Invoker.invokeConfigurationMethod(Invoker.java:523) [testng-6.11.jar:?]
	at org.testng.internal.Invoker.invokeConfigurations(Invoker.java:224) [testng-6.11.jar:?]
	at org.testng.internal.Invoker.invokeMethod(Invoker.java:599) [testng-6.11.jar:?]
	at org.testng.internal.Invoker.invokeTestMethod(Invoker.java:869) [testng-6.11.jar:?]
	at org.testng.internal.Invoker.invokeTestMethods(Invoker.java:1193) [testng-6.11.jar:?]
	at org.testng.internal.TestMethodWorker.invokeTestMethods(TestMethodWorker.java:126) [testng-6.11.jar:?]
	at org.testng.internal.TestMethodWorker.run(TestMethodWorker.java:109) [testng-6.11.jar:?]
	at org.testng.TestRunner.privateRun(TestRunner.java:744) [testng-6.11.jar:?]
	at org.testng.TestRunner.run(TestRunner.java:602) [testng-6.11.jar:?]
	at org.testng.SuiteRunner.runTest(SuiteRunner.java:380) [testng-6.11.jar:?]
	at org.testng.SuiteRunner.runSequentially(SuiteRunner.java:375) [testng-6.11.jar:?]
	at org.testng.SuiteRunner.privateRun(SuiteRunner.java:340) [testng-6.11.jar:?]
	at org.testng.SuiteRunner.run(SuiteRunner.java:289) [testng-6.11.jar:?]
	at org.testng.SuiteRunnerWorker.runSuite(SuiteRunnerWorker.java:52) [testng-6.11.jar:?]
	at org.testng.SuiteRunnerWorker.run(SuiteRunnerWorker.java:86) [testng-6.11.jar:?]
	at org.testng.TestNG.runSuitesSequentially(TestNG.java:1301) [testng-6.11.jar:?]
	at org.testng.TestNG.runSuitesLocally(TestNG.java:1226) [testng-6.11.jar:?]
	at org.testng.TestNG.runSuites(TestNG.java:1144) [testng-6.11.jar:?]
	at org.testng.TestNG.run(TestNG.java:1115) [testng-6.11.jar:?]
	at org.apache.maven.surefire.testng.TestNGExecutor.run(TestNGExecutor.java:135) [surefire-testng-2.22.2.jar:2.22.2]
	at org.apache.maven.surefire.testng.TestNGDirectoryTestSuite.executeMulti(TestNGDirectoryTestSuite.java:193) [surefire-testng-2.22.2.jar:2.22.2]
	at org.apache.maven.surefire.testng.TestNGDirectoryTestSuite.execute(TestNGDirectoryTestSuite.java:94) [surefire-testng-2.22.2.jar:2.22.2]
	at org.apache.maven.surefire.testng.TestNGProvider.invoke(TestNGProvider.java:146) [surefire-testng-2.22.2.jar:2.22.2]
	at org.apache.maven.surefire.booter.ForkedBooter.invokeProviderInSameClassLoader(ForkedBooter.java:384) [surefire-booter-2.22.2.jar:2.22.2]
	at org.apache.maven.surefire.booter.ForkedBooter.runSuitesInProcess(ForkedBooter.java:345) [surefire-booter-2.22.2.jar:2.22.2]
	at org.apache.maven.surefire.booter.ForkedBooter.execute(ForkedBooter.java:126) [surefire-booter-2.22.2.jar:2.22.2]
	at org.apache.maven.surefire.booter.ForkedBooter.main(ForkedBooter.java:418) [surefire-booter-2.22.2.jar:2.22.2]
2023-15-14 12:15:53.776 [main] ERROR com.sdetblueprint.utils.Log - Browser Launch error.
java.lang.IllegalStateException: The path to the driver executable must be set by the webdriver.gecko.driver system property; for more information, see https://github.com/mozilla/geckodriver. The latest version can be downloaded from https://github.com/mozilla/geckodriver/releases
	at com.google.common.base.Preconditions.checkState(Preconditions.java:847) ~[guava-25.0-jre.jar:?]
	at org.openqa.selenium.remote.service.DriverService.findExecutable(DriverService.java:125) ~[selenium-remote-driver-3.14.0.jar:?]
	at org.openqa.selenium.firefox.GeckoDriverService.access$100(GeckoDriverService.java:43) ~[selenium-firefox-driver-3.14.0.jar:?]
	at org.openqa.selenium.firefox.GeckoDriverService$Builder.findDefaultExecutable(GeckoDriverService.java:168) ~[selenium-firefox-driver-3.14.0.jar:?]
	at org.openqa.selenium.remote.service.DriverService$Builder.build(DriverService.java:346) ~[selenium-remote-driver-3.14.0.jar:?]
	at org.openqa.selenium.firefox.FirefoxDriver.toExecutor(FirefoxDriver.java:168) ~[selenium-firefox-driver-3.14.0.jar:?]
	at org.openqa.selenium.firefox.FirefoxDriver.<init>(FirefoxDriver.java:125) ~[selenium-firefox-driver-3.14.0.jar:?]
	at org.openqa.selenium.firefox.FirefoxDriver.<init>(FirefoxDriver.java:103) ~[selenium-firefox-driver-3.14.0.jar:?]
	at org.example.base.TestBase.setUp(TestBase.java:28) [test-classes/:?]
	at jdk.internal.reflect.DirectMethodHandleAccessor.invoke(DirectMethodHandleAccessor.java:104) ~[?:?]
	at java.lang.reflect.Method.invoke(Method.java:578) ~[?:?]
	at org.testng.internal.MethodInvocationHelper.invokeMethod(MethodInvocationHelper.java:108) [testng-6.11.jar:?]
	at org.testng.internal.Invoker.invokeConfigurationMethod(Invoker.java:523) [testng-6.11.jar:?]
	at org.testng.internal.Invoker.invokeConfigurations(Invoker.java:224) [testng-6.11.jar:?]
	at org.testng.internal.Invoker.invokeMethod(Invoker.java:599) [testng-6.11.jar:?]
	at org.testng.internal.Invoker.invokeTestMethod(Invoker.java:869) [testng-6.11.jar:?]
	at org.testng.internal.Invoker.invokeTestMethods(Invoker.java:1193) [testng-6.11.jar:?]
	at org.testng.internal.TestMethodWorker.invokeTestMethods(TestMethodWorker.java:126) [testng-6.11.jar:?]
	at org.testng.internal.TestMethodWorker.run(TestMethodWorker.java:109) [testng-6.11.jar:?]
	at org.testng.TestRunner.privateRun(TestRunner.java:744) [testng-6.11.jar:?]
	at org.testng.TestRunner.run(TestRunner.java:602) [testng-6.11.jar:?]
	at org.testng.SuiteRunner.runTest(SuiteRunner.java:380) [testng-6.11.jar:?]
	at org.testng.SuiteRunner.runSequentially(SuiteRunner.java:375) [testng-6.11.jar:?]
	at org.testng.SuiteRunner.privateRun(SuiteRunner.java:340) [testng-6.11.jar:?]
	at org.testng.SuiteRunner.run(SuiteRunner.java:289) [testng-6.11.jar:?]
	at org.testng.SuiteRunnerWorker.runSuite(SuiteRunnerWorker.java:52) [testng-6.11.jar:?]
	at org.testng.SuiteRunnerWorker.run(SuiteRunnerWorker.java:86) [testng-6.11.jar:?]
	at org.testng.TestNG.runSuitesSequentially(TestNG.java:1301) [testng-6.11.jar:?]
	at org.testng.TestNG.runSuitesLocally(TestNG.java:1226) [testng-6.11.jar:?]
	at org.testng.TestNG.runSuites(TestNG.java:1144) [testng-6.11.jar:?]
	at org.testng.TestNG.run(TestNG.java:1115) [testng-6.11.jar:?]
	at org.apache.maven.surefire.testng.TestNGExecutor.run(TestNGExecutor.java:135) [surefire-testng-2.22.2.jar:2.22.2]
	at org.apache.maven.surefire.testng.TestNGDirectoryTestSuite.executeMulti(TestNGDirectoryTestSuite.java:193) [surefire-testng-2.22.2.jar:2.22.2]
	at org.apache.maven.surefire.testng.TestNGDirectoryTestSuite.execute(TestNGDirectoryTestSuite.java:94) [surefire-testng-2.22.2.jar:2.22.2]
	at org.apache.maven.surefire.testng.TestNGProvider.invoke(TestNGProvider.java:146) [surefire-testng-2.22.2.jar:2.22.2]
	at org.apache.maven.surefire.booter.ForkedBooter.invokeProviderInSameClassLoader(ForkedBooter.java:384) [surefire-booter-2.22.2.jar:2.22.2]
	at org.apache.maven.surefire.booter.ForkedBooter.runSuitesInProcess(ForkedBooter.java:345) [surefire-booter-2.22.2.jar:2.22.2]
	at org.apache.maven.surefire.booter.ForkedBooter.execute(ForkedBooter.java:126) [surefire-booter-2.22.2.jar:2.22.2]
	at org.apache.maven.surefire.booter.ForkedBooter.main(ForkedBooter.java:418) [surefire-booter-2.22.2.jar:2.22.2]
2023-15-14 12:15:54.257 [main] ERROR com.sdetblueprint.utils.Log - Browser Launch error.
java.lang.IllegalStateException: The path to the driver executable must be set by the webdriver.gecko.driver system property; for more information, see https://github.com/mozilla/geckodriver. The latest version can be downloaded from https://github.com/mozilla/geckodriver/releases
	at com.google.common.base.Preconditions.checkState(Preconditions.java:847) ~[guava-25.0-jre.jar:?]
	at org.openqa.selenium.remote.service.DriverService.findExecutable(DriverService.java:125) ~[selenium-remote-driver-3.14.0.jar:?]
	at org.openqa.selenium.firefox.GeckoDriverService.access$100(GeckoDriverService.java:43) ~[selenium-firefox-driver-3.14.0.jar:?]
	at org.openqa.selenium.firefox.GeckoDriverService$Builder.findDefaultExecutable(GeckoDriverService.java:168) ~[selenium-firefox-driver-3.14.0.jar:?]
	at org.openqa.selenium.remote.service.DriverService$Builder.build(DriverService.java:346) ~[selenium-remote-driver-3.14.0.jar:?]
	at org.openqa.selenium.firefox.FirefoxDriver.toExecutor(FirefoxDriver.java:168) ~[selenium-firefox-driver-3.14.0.jar:?]
	at org.openqa.selenium.firefox.FirefoxDriver.<init>(FirefoxDriver.java:125) ~[selenium-firefox-driver-3.14.0.jar:?]
	at org.openqa.selenium.firefox.FirefoxDriver.<init>(FirefoxDriver.java:103) ~[selenium-firefox-driver-3.14.0.jar:?]
	at org.example.base.TestBase.setUp(TestBase.java:28) [test-classes/:?]
	at jdk.internal.reflect.DirectMethodHandleAccessor.invoke(DirectMethodHandleAccessor.java:104) ~[?:?]
	at java.lang.reflect.Method.invoke(Method.java:578) ~[?:?]
	at org.testng.internal.MethodInvocationHelper.invokeMethod(MethodInvocationHelper.java:108) [testng-6.11.jar:?]
	at org.testng.internal.Invoker.invokeConfigurationMethod(Invoker.java:523) [testng-6.11.jar:?]
	at org.testng.internal.Invoker.invokeConfigurations(Invoker.java:224) [testng-6.11.jar:?]
	at org.testng.internal.Invoker.invokeMethod(Invoker.java:599) [testng-6.11.jar:?]
	at org.testng.internal.Invoker.invokeTestMethod(Invoker.java:869) [testng-6.11.jar:?]
	at org.testng.internal.Invoker.invokeTestMethods(Invoker.java:1193) [testng-6.11.jar:?]
	at org.testng.internal.TestMethodWorker.invokeTestMethods(TestMethodWorker.java:126) [testng-6.11.jar:?]
	at org.testng.internal.TestMethodWorker.run(TestMethodWorker.java:109) [testng-6.11.jar:?]
	at org.testng.TestRunner.privateRun(TestRunner.java:744) [testng-6.11.jar:?]
	at org.testng.TestRunner.run(TestRunner.java:602) [testng-6.11.jar:?]
	at org.testng.SuiteRunner.runTest(SuiteRunner.java:380) [testng-6.11.jar:?]
	at org.testng.SuiteRunner.runSequentially(SuiteRunner.java:375) [testng-6.11.jar:?]
	at org.testng.SuiteRunner.privateRun(SuiteRunner.java:340) [testng-6.11.jar:?]
	at org.testng.SuiteRunner.run(SuiteRunner.java:289) [testng-6.11.jar:?]
	at org.testng.SuiteRunnerWorker.runSuite(SuiteRunnerWorker.java:52) [testng-6.11.jar:?]
	at org.testng.SuiteRunnerWorker.run(SuiteRunnerWorker.java:86) [testng-6.11.jar:?]
	at org.testng.TestNG.runSuitesSequentially(TestNG.java:1301) [testng-6.11.jar:?]
	at org.testng.TestNG.runSuitesLocally(TestNG.java:1226) [testng-6.11.jar:?]
	at org.testng.TestNG.runSuites(TestNG.java:1144) [testng-6.11.jar:?]
	at org.testng.TestNG.run(TestNG.java:1115) [testng-6.11.jar:?]
	at org.apache.maven.surefire.testng.TestNGExecutor.run(TestNGExecutor.java:135) [surefire-testng-2.22.2.jar:2.22.2]
	at org.apache.maven.surefire.testng.TestNGDirectoryTestSuite.executeMulti(TestNGDirectoryTestSuite.java:193) [surefire-testng-2.22.2.jar:2.22.2]
	at org.apache.maven.surefire.testng.TestNGDirectoryTestSuite.execute(TestNGDirectoryTestSuite.java:94) [surefire-testng-2.22.2.jar:2.22.2]
	at org.apache.maven.surefire.testng.TestNGProvider.invoke(TestNGProvider.java:146) [surefire-testng-2.22.2.jar:2.22.2]
	at org.apache.maven.surefire.booter.ForkedBooter.invokeProviderInSameClassLoader(ForkedBooter.java:384) [surefire-booter-2.22.2.jar:2.22.2]
	at org.apache.maven.surefire.booter.ForkedBooter.runSuitesInProcess(ForkedBooter.java:345) [surefire-booter-2.22.2.jar:2.22.2]
	at org.apache.maven.surefire.booter.ForkedBooter.execute(ForkedBooter.java:126) [surefire-booter-2.22.2.jar:2.22.2]
	at org.apache.maven.surefire.booter.ForkedBooter.main(ForkedBooter.java:418) [surefire-booter-2.22.2.jar:2.22.2]
